Copyright 1986-2015 Xilinx, Inc. All Rights Reserved.
---------------------------------------------------------------------------------------------------------------------
| Tool Version     : Vivado v.2015.4.1 (lin64) Build 1431336 Fri Dec 11 14:52:39 MST 2015
| Date             : Mon Sep 11 09:05:08 2017
| Host             : ecelinsrvy.ece.gatech.edu running 64-bit Red Hat Enterprise Linux Server release 6.9 (Santiago)
| Command          : 
| Design           : barrel_shifter
| Device           : xcku115-flva2104-3-e
| Design State     : routed
| Grade            : extended
| Process          : typical
| Characterization : Advance
---------------------------------------------------------------------------------------------------------------------

Power Report

Table of Contents
-----------------
1. Summary
1.1 On-Chip Components
1.2 Power Supply Summary
1.3 Confidence Level
2. Settings
2.1 Environment
2.2 Clock Constraints
3. Detailed Reports
3.1 By Hierarchy

1. Summary
----------

+--------------------------+-------+
| Total On-Chip Power (W)  | 6.051 |
| Dynamic (W)              | 4.647 |
| Device Static (W)        | 1.405 |
| Effective TJA (C/W)      | 0.8   |
| Max Ambient (C)          | 95.1  |
| Junction Temperature (C) | 29.9  |
| Confidence Level         | Low   |
| Setting File             | ---   |
| Simulation Activity File | ---   |
| Design Nets Matched      | NA    |
+--------------------------+-------+


1.1 On-Chip Components
----------------------

+----------------+-----------+----------+-----------+-----------------+
| On-Chip        | Power (W) | Used     | Available | Utilization (%) |
+----------------+-----------+----------+-----------+-----------------+
| CLB Logic      |     0.050 |       16 |       --- |             --- |
|   LUT as Logic |     0.050 |       12 |    663360 |           <0.01 |
| Signals        |     0.089 |       27 |       --- |             --- |
| I/O            |     4.507 |       19 |       832 |            2.28 |
| Static Power   |     1.405 |          |           |                 |
| Total          |     6.051 |          |           |                 |
+----------------+-----------+----------+-----------+-----------------+


1.2 Power Supply Summary
------------------------

+------------+-------------+-----------+-------------+------------+
| Source     | Voltage (V) | Total (A) | Dynamic (A) | Static (A) |
+------------+-------------+-----------+-------------+------------+
| Vccint     |       1.000 |     0.680 |       0.140 |      0.540 |
| Vccaux     |       1.800 |     0.239 |       0.000 |      0.239 |
| Vccaux_io  |       1.800 |     2.036 |       1.874 |      0.162 |
| Vccint_io  |       1.000 |     0.229 |       0.182 |      0.048 |
| Vcco33     |       3.300 |     0.000 |       0.000 |      0.000 |
| Vcco25     |       2.500 |     0.000 |       0.000 |      0.000 |
| Vcco18     |       1.800 |     0.529 |       0.529 |      0.000 |
| Vcco15     |       1.500 |     0.000 |       0.000 |      0.000 |
| Vcco135    |       1.350 |     0.000 |       0.000 |      0.000 |
| Vcco12     |       1.200 |     0.000 |       0.000 |      0.000 |
| Vcco10     |       1.000 |     0.000 |       0.000 |      0.000 |
| Vccbram    |       1.000 |     0.045 |       0.000 |      0.045 |
| MGTAVcc    |       1.000 |     0.000 |       0.000 |      0.000 |
| MGTAVtt    |       1.200 |     0.000 |       0.000 |      0.000 |
| MGTVccaux  |       1.800 |     0.000 |       0.000 |      0.000 |
| Vccadc     |       1.800 |     0.028 |       0.000 |      0.028 |
| MGTYVccaux |       1.800 |     0.000 |       0.000 |      0.000 |
| MGTYAVcc   |       1.000 |     0.000 |       0.000 |      0.000 |
| MGTYAVtt   |       1.200 |     0.000 |       0.000 |      0.000 |
+------------+-------------+-----------+-------------+------------+


1.3 Confidence Level
--------------------

+-----------------------------+------------+--------------------------------------------------------+------------------------------------------------------------------------------------------------------------+
| User Input Data             | Confidence | Details                                                | Action                                                                                                     |
+-----------------------------+------------+--------------------------------------------------------+------------------------------------------------------------------------------------------------------------+
| Design implementation state | High       | Design is routed                                       |                                                                                                            |
| Clock nodes activity        | High       | User specified more than 95% of clocks                 |                                                                                                            |
| I/O nodes activity          | Low        | More than 75% of inputs are missing user specification | Provide missing input activity with simulation results or by editing the "By Resource Type -> I/Os" view   |
| Internal nodes activity     | Medium     | User specified less than 25% of internal nodes         | Provide missing internal nodes activity with simulation results or by editing the "By Resource Type" views |
| Device models               | Medium     | Device models are not Production                       | Device models may change and in turn slightly affect accuracy                                              |
|                             |            |                                                        |                                                                                                            |
| Overall confidence level    | Low        |                                                        |                                                                                                            |
+-----------------------------+------------+--------------------------------------------------------+------------------------------------------------------------------------------------------------------------+


2. Settings
-----------

2.1 Environment
---------------

+-----------------------+--------------------------+
| Ambient Temp (C)      | 25.0                     |
| ThetaJA (C/W)         | 0.8                      |
| Airflow (LFM)         | 250                      |
| Heat Sink             | medium (Medium Profile)  |
| ThetaSA (C/W)         | 1.2                      |
| Board Selection       | medium (10"x10")         |
| # of Board Layers     | 12to15 (12 to 15 Layers) |
| Board Temperature (C) | 25.0                     |
+-----------------------+--------------------------+


2.2 Clock Constraints
---------------------

+-------+--------+-----------------+
| Clock | Domain | Constraint (ns) |
+-------+--------+-----------------+


3. Detailed Reports
-------------------

3.1 By Hierarchy
----------------

+---------------------+-----------+
| Name                | Power (W) |
+---------------------+-----------+
| barrel_shifter      |     4.647 |
|   a_IBUF[0]_inst    |     0.021 |
|   a_IBUF[1]_inst    |     0.020 |
|   a_IBUF[2]_inst    |     0.020 |
|   a_IBUF[3]_inst    |     0.020 |
|   a_IBUF[4]_inst    |     0.019 |
|   a_IBUF[5]_inst    |     0.020 |
|   a_IBUF[6]_inst    |     0.020 |
|   a_IBUF[7]_inst    |     0.020 |
|   ctrl_IBUF[0]_inst |     0.021 |
|   ctrl_IBUF[1]_inst |     0.019 |
|   ctrl_IBUF[2]_inst |     0.020 |
+---------------------+-----------+


