Copyright 1986-2015 Xilinx, Inc. All Rights Reserved.
-----------------------------------------------------------------------------------------------------------------
| Tool Version : Vivado v.2015.4.1 (lin64) Build 1431336 Fri Dec 11 14:52:39 MST 2015
| Date         : Thu Oct  5 16:22:18 2017
| Host         : ecelinsrvy.ece.gatech.edu running 64-bit Red Hat Enterprise Linux Server release 6.9 (Santiago)
| Command      : report_utilization -file filter_8_utilization_placed.rpt -pb filter_8_utilization_placed.pb
| Design       : filter_8
| Device       : xcku115flva2104-3
| Design State : Fully Placed
-----------------------------------------------------------------------------------------------------------------

Utilization Design Information

Table of Contents
-----------------
1. CLB Logic
1.1 Summary of Registers by Type
2. CLB Logic Distribution
3. BLOCKRAM
4. ARITHMETIC
5. I/O
6. CLOCK
7. ADVANCED
8. CONFIGURATION
9. Primitives
10. Black Boxes
11. Instantiated Netlists
12. SLR Connectivity and Clocking Utilization
13. SLR Connectivity Matrix
14. SLR CLB Logic and Dedicated Block Utilization
15. SLR IO Utilization

1. CLB Logic
------------

+-------------------------+------+-------+-----------+-------+
|        Site Type        | Used | Fixed | Available | Util% |
+-------------------------+------+-------+-----------+-------+
| CLB LUTs                | 1160 |     0 |    663360 |  0.17 |
|   LUT as Logic          | 1160 |     0 |    663360 |  0.17 |
|   LUT as Memory         |    0 |     0 |    293760 |  0.00 |
| CLB Registers           |  110 |     0 |   1326720 | <0.01 |
|   Register as Flip Flop |  110 |     0 |   1326720 | <0.01 |
|   Register as Latch     |    0 |     0 |   1326720 |  0.00 |
| CARRY8                  |  146 |     0 |     82920 |  0.18 |
| F7 Muxes                |    0 |     0 |    331680 |  0.00 |
| F8 Muxes                |    0 |     0 |    165840 |  0.00 |
| F9 Muxes                |    0 |     0 |     82920 |  0.00 |
+-------------------------+------+-------+-----------+-------+


1.1 Summary of Registers by Type
--------------------------------

+-------+--------------+-------------+--------------+
| Total | Clock Enable | Synchronous | Asynchronous |
+-------+--------------+-------------+--------------+
| 0     |            _ |           - |            - |
| 0     |            _ |           - |          Set |
| 0     |            _ |           - |        Reset |
| 0     |            _ |         Set |            - |
| 0     |            _ |       Reset |            - |
| 0     |          Yes |           - |            - |
| 8     |          Yes |           - |          Set |
| 78    |          Yes |           - |        Reset |
| 0     |          Yes |         Set |            - |
| 24    |          Yes |       Reset |            - |
+-------+--------------+-------------+--------------+


2. CLB Logic Distribution
-------------------------

+-------------------------------------------------------------+---------+-------+-----------+-------+
|                          Site Type                          |   Used  | Fixed | Available | Util% |
+-------------------------------------------------------------+---------+-------+-----------+-------+
| CLB                                                         |     197 |     0 |     82920 |  0.24 |
|   CLBL                                                      |     115 |     0 |           |       |
|   CLBM                                                      |      82 |     0 |           |       |
| LUT as Logic                                                |    1160 |     0 |    663360 |  0.17 |
|   using O5 output only                                      |       0 |       |           |       |
|   using O6 output only                                      |     696 |       |           |       |
|   using O5 and O6                                           |     464 |       |           |       |
| LUT as Memory                                               |       0 |     0 |    293760 |  0.00 |
|   LUT as Distributed RAM                                    |       0 |     0 |           |       |
|   LUT as Shift Register                                     |       0 |     0 |           |       |
| LUT Flip Flop Pairs                                         |    1195 |     0 |    663360 |  0.18 |
|   fully used LUT-FF pairs                                   |      35 |       |           |       |
|   LUT-FF pairs with unused LUT                              |      35 |       |           |       |
|   LUT-FF pairs with unused Flip Flop                        |    1125 |       |           |       |
| Unique Control Sets                                         |       6 |       |           |       |
| Maximum number of registers lost to control set restriction | 6(Lost) |       |           |       |
+-------------------------------------------------------------+---------+-------+-----------+-------+


3. BLOCKRAM
-----------

+----------------+------+-------+-----------+-------+
|    Site Type   | Used | Fixed | Available | Util% |
+----------------+------+-------+-----------+-------+
| Block RAM Tile |    0 |     0 |      2160 |  0.00 |
|   RAMB36/FIFO* |    0 |     0 |      2160 |  0.00 |
|   RAMB18       |    0 |     0 |      4320 |  0.00 |
+----------------+------+-------+-----------+-------+
* Note: Each Block RAM Tile only has one FIFO logic available and therefore can accommodate only one FIFO36E2 or one FIFO18E2. However, if a FIFO18E2 occupies a Block RAM Tile, that tile can still accommodate a RAMB18E2


4. ARITHMETIC
-------------

+-----------+------+-------+-----------+-------+
| Site Type | Used | Fixed | Available | Util% |
+-----------+------+-------+-----------+-------+
| DSPs      |    0 |     0 |      5520 |  0.00 |
+-----------+------+-------+-----------+-------+


5. I/O
------

+------------------+------+-------+-----------+-------+
|     Site Type    | Used | Fixed | Available | Util% |
+------------------+------+-------+-----------+-------+
| Bonded IOB       |  160 |     0 |       832 | 19.23 |
| HPIOB            |  104 |     0 |       676 | 15.38 |
|   INPUT          |   83 |       |           |       |
|   OUTPUT         |   21 |       |           |       |
|   BIDIR          |    0 |       |           |       |
| HRIO             |   56 |     0 |       156 | 35.90 |
|   INPUT          |   56 |       |           |       |
|   OUTPUT         |    0 |       |           |       |
|   BIDIR          |    0 |       |           |       |
| HPIOBDIFFINBUF   |    0 |     0 |       480 |  0.00 |
| HPIOBDIFFOUTBUF  |    0 |     0 |       480 |  0.00 |
| HRIODIFFINBUF    |    0 |     0 |        96 |  0.00 |
| HRIODIFFOUTBUF   |    0 |     0 |        96 |  0.00 |
| BITSLICE_CONTROL |    0 |     0 |       192 |  0.00 |
| BITSLICE_RX_TX   |    0 |     0 |      1248 |  0.00 |
| BITSLICE_TX      |    0 |     0 |       192 |  0.00 |
| RIU_OR           |    0 |     0 |        96 |  0.00 |
+------------------+------+-------+-----------+-------+


6. CLOCK
--------

+----------------------+------+-------+-----------+-------+
|       Site Type      | Used | Fixed | Available | Util% |
+----------------------+------+-------+-----------+-------+
| GLOBAL CLOCK BUFFERs |    1 |     0 |      1248 |  0.08 |
|   BUFGCE             |    1 |     0 |       576 |  0.17 |
|   BUFGCE_DIV         |    0 |     0 |        96 |  0.00 |
|   BUFG_GT            |    0 |     0 |       384 |  0.00 |
|   BUFGCTRL*          |    0 |     0 |       192 |  0.00 |
| PLLE3_ADV            |    0 |     0 |        48 |  0.00 |
| MMCME3_ADV           |    0 |     0 |        24 |  0.00 |
+----------------------+------+-------+-----------+-------+
* Note: Each used BUFGCTRL counts as two global buffer resources. This table does not include global clocking resources, only buffer cell usage. See the Clock Utilization Report (report_clock_utilization) for detailed accounting of global clocking resource availability.


7. ADVANCED
-----------

+------------------+------+-------+-----------+-------+
|     Site Type    | Used | Fixed | Available | Util% |
+------------------+------+-------+-----------+-------+
| GTHE3_CHANNEL    |    0 |     0 |        52 |  0.00 |
| GTHE3_COMMON     |    0 |     0 |        13 |  0.00 |
| IBUFDS_GTE3      |    0 |     0 |        26 |  0.00 |
| OBUFDS_GTE3      |    0 |     0 |        26 |  0.00 |
| OBUFDS_GTE3_ADV  |    0 |     0 |        26 |  0.00 |
| PCIE_3_1         |    0 |     0 |         6 |  0.00 |
| SYSMONE1         |    0 |     0 |         2 |  0.00 |
| LAGUNA Registers |    0 |     0 |     34560 |  0.00 |
|   as TX_REG      |    0 |       |           |       |
|   as RX_REG      |    0 |       |           |       |
+------------------+------+-------+-----------+-------+


8. CONFIGURATION
----------------

+-----------+------+-------+-----------+-------+
| Site Type | Used | Fixed | Available | Util% |
+-----------+------+-------+-----------+-------+
| BSCANE2   |    0 |     0 |         8 |  0.00 |
| EFUSE_USR |    0 |     0 |         2 |  0.00 |
+-----------+------+-------+-----------+-------+


9. Primitives
-------------

+----------+------+---------------------+
| Ref Name | Used | Functional Category |
+----------+------+---------------------+
| LUT4     |  469 |                 CLB |
| LUT6     |  448 |                 CLB |
| LUT2     |  388 |                 CLB |
| LUT3     |  193 |                 CLB |
| CARRY8   |  146 |                 CLB |
| INBUF    |  139 |                 I/O |
| IBUFCTRL |  139 |              Others |
| LUT5     |  124 |                 CLB |
| FDCE     |   78 |            Register |
| FDRE     |   24 |            Register |
| OBUF     |   21 |                 I/O |
| FDPE     |    8 |            Register |
| LUT1     |    2 |                 CLB |
| BUFGCE   |    1 |               Clock |
+----------+------+---------------------+


10. Black Boxes
---------------

+----------+------+
| Ref Name | Used |
+----------+------+


11. Instantiated Netlists
-------------------------

+----------+------+
| Ref Name | Used |
+----------+------+


12. SLR Connectivity and Clocking Utilization
---------------------------------------------

+----------+-----------------+---------+-----------------+--------------+-------+-------+
|          | Total SLLs Used | (%)SLLs | BUFGs/BUFGCTRLs | BUFH/BUFHCEs | BUFRs | MMCMs |
+----------+-----------------+---------+-----------------+--------------+-------+-------+
| SLR1     |                 |         |               0 |            0 |     0 |     0 |
| ||||||-> |               0 |    0.00 |                 |              |       |       |
| SLR0     |                 |         |               1 |            0 |     0 |     0 |
+----------+-----------------+---------+-----------------+--------------+-------+-------+
| Total    |               0 |         |               1 |            0 |     0 |     0 |
+----------+-----------------+---------+-----------------+--------------+-------+-------+


13. SLR Connectivity Matrix
---------------------------

+------+------+------+
|      | SLR1 | SLR0 |
+------+------+------+
| SLR1 |    0 |    0 |
| SLR0 |    0 |    0 |
+------+------+------+


14. SLR CLB Logic and Dedicated Block Utilization
-------------------------------------------------

+-----------+------+---------+------------+-------------+---------------+-----------+-------+------+
| SLR Index | CLBs | (%)CLBs | Total LUTs | Memory LUTs | (%)Total LUTs | Registers | BRAMs | DSPs |
+-----------+------+---------+------------+-------------+---------------+-----------+-------+------+
| SLR1      |    0 |    0.00 |          0 |           0 |          0.00 |         0 |     0 |    0 |
| SLR0      |  197 |    0.48 |       1160 |           0 |          0.35 |       110 |     0 |    0 |
+-----------+------+---------+------------+-------------+---------------+-----------+-------+------+
| Total     |  197 |         |       1160 |           0 |               |       110 |     0 |    0 |
+-----------+------+---------+------------+-------------+---------------+-----------+-------+------+


15. SLR IO Utilization
----------------------

+-----------+-------------+---------+--------------+----------+--------------+----------+------+
| SLR Index | Bonded IOBs | (%)IOBs | Bonded IPADs | (%)IPADs | Bonded OPADs | (%)OPADs | GTXs |
+-----------+-------------+---------+--------------+----------+--------------+----------+------+
| SLR1      |           0 |    0.00 |            0 |     0.00 |            0 |     0.00 |    0 |
| SLR0      |         160 |   38.46 |            0 |     0.00 |            0 |     0.00 |    0 |
+-----------+-------------+---------+--------------+----------+--------------+----------+------+
| Total     |         160 |         |            0 |          |            0 |          |    0 |
+-----------+-------------+---------+--------------+----------+--------------+----------+------+


