#-----------------------------------------------------------
# Vivado v2017.2 (64-bit)
# SW Build 1909853 on Thu Jun 15 18:39:10 MDT 2017
# IP Build 1909766 on Thu Jun 15 19:58:00 MDT 2017
# Start of session at: Thu Nov  2 22:39:07 2017
# Process ID: 26063
# Current directory: /home/will/DSP/HW7/lab_7/run/vivado_run
# Command line: vivado
# Log file: /home/will/DSP/HW7/lab_7/run/vivado_run/vivado.log
# Journal file: /home/will/DSP/HW7/lab_7/run/vivado_run/vivado.jou
#-----------------------------------------------------------
start_gui
create_project project_1 /home/will/DSP/HW7/lab_7/run/vivado_run/project_1 -part xcku035-ffva1156-3-e
INFO: [IP_Flow 19-234] Refreshing IP repositories
INFO: [IP_Flow 19-1704] No user IP repositories specified
INFO: [IP_Flow 19-2313] Loaded Vivado IP repository '/opt/Xilinx/Vivado/2017.2/data/ip'.
create_project: Time (s): cpu = 00:00:13 ; elapsed = 00:00:07 . Memory (MB): peak = 6072.465 ; gain = 19.461 ; free physical = 6098 ; free virtual = 9526
set_property target_language VHDL [current_project]
add_files -norecurse -scan_for_includes {/home/will/DSP/HW7/lab_7/src/round.vhd /home/will/DSP/HW7/lab_7/src/saturation.vhd /home/will/DSP/HW7/lab_7/src/overunder.vhd /home/will/DSP/HW7/lab_7/src/processor_v2_top.vhd /home/will/DSP/HW7/lab_7/src/mac.vhd}
add_files -fileset constrs_1 -norecurse /home/will/DSP/HW7/constratins_lab7.xdc
update_compile_order -fileset sources_1
launch_runs synth_1
[Thu Nov  2 22:40:36 2017] Launched synth_1...
Run output will be captured here: /home/will/DSP/HW7/lab_7/run/vivado_run/project_1/project_1.runs/synth_1/runme.log
launch_runs impl_1
[Thu Nov  2 22:42:07 2017] Launched impl_1...
Run output will be captured here: /home/will/DSP/HW7/lab_7/run/vivado_run/project_1/project_1.runs/impl_1/runme.log
