Copyright 1986-2015 Xilinx, Inc. All Rights Reserved.
------------------------------------------------------------------------------------------
| Tool Version     : Vivado v.2015.4.1 (lin64) Build 1431336 Fri Dec 11 14:52:39 MST 2015
| Date             : Thu Sep 21 17:53:26 2017
| Host             : ccblincad30.ece.gatech.edu running 64-bit unknown
| Command          : 
| Design           : mac
| Device           : xcku115-flva2104-3-e
| Design State     : routed
| Grade            : extended
| Process          : typical
| Characterization : Advance
------------------------------------------------------------------------------------------

Power Report

Table of Contents
-----------------
1. Summary
1.1 On-Chip Components
1.2 Power Supply Summary
1.3 Confidence Level
2. Settings
2.1 Environment
2.2 Clock Constraints
3. Detailed Reports
3.1 By Hierarchy

1. Summary
----------

+--------------------------+--------+
| Total On-Chip Power (W)  | 20.565 |
| Dynamic (W)              | 18.863 |
| Device Static (W)        | 1.702  |
| Effective TJA (C/W)      | 0.8    |
| Max Ambient (C)          | 83.4   |
| Junction Temperature (C) | 41.6   |
| Confidence Level         | Low    |
| Setting File             | ---    |
| Simulation Activity File | ---    |
| Design Nets Matched      | NA     |
+--------------------------+--------+


1.1 On-Chip Components
----------------------

+----------------+-----------+----------+-----------+-----------------+
| On-Chip        | Power (W) | Used     | Available | Utilization (%) |
+----------------+-----------+----------+-----------+-----------------+
| CLB Logic      |     0.548 |      153 |       --- |             --- |
|   LUT as Logic |     0.526 |      107 |    663360 |            0.02 |
|   CARRY8       |     0.022 |       11 |     82920 |            0.01 |
|   Others       |     0.000 |        3 |       --- |             --- |
| Signals        |     0.682 |      170 |       --- |             --- |
| I/O            |    17.633 |       43 |       832 |            5.17 |
| Static Power   |     1.702 |          |           |                 |
| Total          |    20.565 |          |           |                 |
+----------------+-----------+----------+-----------+-----------------+


1.2 Power Supply Summary
------------------------

+------------+-------------+-----------+-------------+------------+
| Source     | Voltage (V) | Total (A) | Dynamic (A) | Static (A) |
+------------+-------------+-----------+-------------+------------+
| Vccint     |       1.000 |     2.011 |       1.230 |      0.781 |
| Vccaux     |       1.800 |     0.251 |       0.000 |      0.251 |
| Vccaux_io  |       1.800 |     7.612 |       7.449 |      0.162 |
| Vccint_io  |       1.000 |     0.617 |       0.549 |      0.068 |
| Vcco33     |       3.300 |     0.000 |       0.000 |      0.000 |
| Vcco25     |       2.500 |     0.000 |       0.000 |      0.000 |
| Vcco18     |       1.800 |     2.042 |       2.042 |      0.000 |
| Vcco15     |       1.500 |     0.000 |       0.000 |      0.000 |
| Vcco135    |       1.350 |     0.000 |       0.000 |      0.000 |
| Vcco12     |       1.200 |     0.000 |       0.000 |      0.000 |
| Vcco10     |       1.000 |     0.000 |       0.000 |      0.000 |
| Vccbram    |       1.000 |     0.058 |       0.000 |      0.058 |
| MGTAVcc    |       1.000 |     0.000 |       0.000 |      0.000 |
| MGTAVtt    |       1.200 |     0.000 |       0.000 |      0.000 |
| MGTVccaux  |       1.800 |     0.000 |       0.000 |      0.000 |
| Vccadc     |       1.800 |     0.028 |       0.000 |      0.028 |
| MGTYVccaux |       1.800 |     0.000 |       0.000 |      0.000 |
| MGTYAVcc   |       1.000 |     0.000 |       0.000 |      0.000 |
| MGTYAVtt   |       1.200 |     0.000 |       0.000 |      0.000 |
+------------+-------------+-----------+-------------+------------+


1.3 Confidence Level
--------------------

+-----------------------------+------------+--------------------------------------------------------+------------------------------------------------------------------------------------------------------------+
| User Input Data             | Confidence | Details                                                | Action                                                                                                     |
+-----------------------------+------------+--------------------------------------------------------+------------------------------------------------------------------------------------------------------------+
| Design implementation state | High       | Design is routed                                       |                                                                                                            |
| Clock nodes activity        | High       | User specified more than 95% of clocks                 |                                                                                                            |
| I/O nodes activity          | Low        | More than 75% of inputs are missing user specification | Provide missing input activity with simulation results or by editing the "By Resource Type -> I/Os" view   |
| Internal nodes activity     | Medium     | User specified less than 25% of internal nodes         | Provide missing internal nodes activity with simulation results or by editing the "By Resource Type" views |
| Device models               | Medium     | Device models are not Production                       | Device models may change and in turn slightly affect accuracy                                              |
|                             |            |                                                        |                                                                                                            |
| Overall confidence level    | Low        |                                                        |                                                                                                            |
+-----------------------------+------------+--------------------------------------------------------+------------------------------------------------------------------------------------------------------------+


2. Settings
-----------

2.1 Environment
---------------

+-----------------------+--------------------------+
| Ambient Temp (C)      | 25.0                     |
| ThetaJA (C/W)         | 0.8                      |
| Airflow (LFM)         | 250                      |
| Heat Sink             | medium (Medium Profile)  |
| ThetaSA (C/W)         | 1.2                      |
| Board Selection       | medium (10"x10")         |
| # of Board Layers     | 12to15 (12 to 15 Layers) |
| Board Temperature (C) | 25.0                     |
+-----------------------+--------------------------+


2.2 Clock Constraints
---------------------

+-------+--------+-----------------+
| Clock | Domain | Constraint (ns) |
+-------+--------+-----------------+


3. Detailed Reports
-------------------

3.1 By Hierarchy
----------------

+------------------------+-----------+
| Name                   | Power (W) |
+------------------------+-----------+
| mac                    |    18.863 |
|   a_in_IBUF[0]_inst    |     0.025 |
|   a_in_IBUF[1]_inst    |     0.028 |
|   a_in_IBUF[2]_inst    |     0.027 |
|   a_in_IBUF[3]_inst    |     0.025 |
|   a_in_IBUF[4]_inst    |     0.025 |
|   a_in_IBUF[5]_inst    |     0.025 |
|   a_in_IBUF[6]_inst    |     0.028 |
|   a_in_IBUF[7]_inst    |     0.024 |
|   b_in_IBUF[0]_inst    |     0.028 |
|   b_in_IBUF[1]_inst    |     0.031 |
|   b_in_IBUF[2]_inst    |     0.023 |
|   b_in_IBUF[3]_inst    |     0.025 |
|   b_in_IBUF[4]_inst    |     0.026 |
|   b_in_IBUF[5]_inst    |     0.023 |
|   b_in_IBUF[6]_inst    |     0.022 |
|   b_in_IBUF[7]_inst    |     0.021 |
|   c_in_IBUF[0]_inst    |     0.018 |
|   c_in_IBUF[1]_inst    |     0.018 |
|   c_in_IBUF[2]_inst    |     0.018 |
|   c_in_IBUF[3]_inst    |     0.018 |
|   c_in_IBUF[4]_inst    |     0.018 |
|   c_in_IBUF[5]_inst    |     0.017 |
|   c_in_IBUF[6]_inst    |     0.017 |
|   c_in_IBUF[7]_inst    |     0.018 |
|   ctrl_in_IBUF[0]_inst |     0.041 |
|   ctrl_in_IBUF[1]_inst |     0.039 |
+------------------------+-----------+


