
*** Running vivado
    with args -log processor_top.vds -m64 -mode batch -messageDb vivado.pb -notrace -source processor_top.tcl


****** Vivado v2015.4.1 (64-bit)
  **** SW Build 1431336 on Fri Dec 11 14:52:39 MST 2015
  **** IP Build 1427053 on Mon Dec  7 12:56:29 MST 2015
    ** Copyright 1986-2015 Xilinx, Inc. All Rights Reserved.

source processor_top.tcl -notrace
Command: synth_design -top processor_top -part xcku115-flva2104-3-e
Starting synth_design
Attempting to get a license for feature 'Synthesis' and/or device 'xcku115'
INFO: [Common 17-349] Got license for feature 'Synthesis' and/or device 'xcku115'
INFO: [Common 17-1223] The version limit for your license is '2016.04' and will expire in -516 days. A version limit expiration means that, although you may be able to continue to use the current version of tools or IP with this license, you will not be eligible for any updates or new releases.
INFO: Launching helper process for spawning children vivado processes
INFO: Helper process launched with PID 23042 
---------------------------------------------------------------------------------
Starting Synthesize : Time (s): cpu = 00:00:08 ; elapsed = 00:00:08 . Memory (MB): peak = 1110.930 ; gain = 174.961 ; free physical = 1122 ; free virtual = 6256
---------------------------------------------------------------------------------
INFO: [Synth 8-638] synthesizing module 'processor_top' [/nethome/wsutton8/ECE6276/ECE6276/HW4/lab_4/src/processor_top.vhd:21]
INFO: [Synth 8-638] synthesizing module 'stage1' [/nethome/wsutton8/ECE6276/ECE6276/HW4/lab_4/src/stage1.vhd:22]
INFO: [Synth 8-256] done synthesizing module 'stage1' (1#1) [/nethome/wsutton8/ECE6276/ECE6276/HW4/lab_4/src/stage1.vhd:22]
INFO: [Synth 8-638] synthesizing module 'mac' [/nethome/wsutton8/ECE6276/ECE6276/HW4/lab_4/src/mac_updated.vhd:20]
INFO: [Synth 8-256] done synthesizing module 'mac' (2#1) [/nethome/wsutton8/ECE6276/ECE6276/HW4/lab_4/src/mac_updated.vhd:20]
INFO: [Synth 8-638] synthesizing module 'stage2' [/nethome/wsutton8/ECE6276/ECE6276/HW4/lab_4/src/stage2.vhd:20]
INFO: [Synth 8-256] done synthesizing module 'stage2' (3#1) [/nethome/wsutton8/ECE6276/ECE6276/HW4/lab_4/src/stage2.vhd:20]
INFO: [Synth 8-638] synthesizing module 'stage3' [/nethome/wsutton8/ECE6276/ECE6276/HW4/lab_4/src/stage3.vhd:20]
INFO: [Synth 8-256] done synthesizing module 'stage3' (4#1) [/nethome/wsutton8/ECE6276/ECE6276/HW4/lab_4/src/stage3.vhd:20]
INFO: [Synth 8-256] done synthesizing module 'processor_top' (5#1) [/nethome/wsutton8/ECE6276/ECE6276/HW4/lab_4/src/processor_top.vhd:21]
---------------------------------------------------------------------------------
Finished Synthesize : Time (s): cpu = 00:00:08 ; elapsed = 00:00:09 . Memory (MB): peak = 1152.305 ; gain = 216.336 ; free physical = 1081 ; free virtual = 6215
---------------------------------------------------------------------------------
---------------------------------------------------------------------------------
Finished Constraint Validation : Time (s): cpu = 00:00:08 ; elapsed = 00:00:09 . Memory (MB): peak = 1152.305 ; gain = 216.336 ; free physical = 1081 ; free virtual = 6215
---------------------------------------------------------------------------------
---------------------------------------------------------------------------------
Start Loading Part and Timing Information
---------------------------------------------------------------------------------
Loading part: xcku115-flva2104-3-e
---------------------------------------------------------------------------------
Finished Loading Part and Timing Information : Time (s): cpu = 00:00:08 ; elapsed = 00:00:09 . Memory (MB): peak = 1161.309 ; gain = 225.340 ; free physical = 1081 ; free virtual = 6215
---------------------------------------------------------------------------------
INFO: [Device 21-403] Loading part xcku115-flva2104-3-e
---------------------------------------------------------------------------------
Finished RTL Optimization Phase 2 : Time (s): cpu = 00:00:09 ; elapsed = 00:00:10 . Memory (MB): peak = 1169.316 ; gain = 233.348 ; free physical = 1073 ; free virtual = 6207
---------------------------------------------------------------------------------

Report RTL Partitions: 
+-+--------------+------------+----------+
| |RTL Partition |Replication |Instances |
+-+--------------+------------+----------+
+-+--------------+------------+----------+
No constraint files found.
---------------------------------------------------------------------------------
Start RTL Component Statistics 
---------------------------------------------------------------------------------
Detailed RTL Component Info : 
+---Adders : 
	   2 Input     17 Bit       Adders := 1     
+---XORs : 
	   2 Input      1 Bit         XORs := 1     
+---Registers : 
	               17 Bit    Registers := 2     
	                8 Bit    Registers := 3     
	                2 Bit    Registers := 1     
	                1 Bit    Registers := 3     
+---Muxes : 
	   2 Input     17 Bit        Muxes := 2     
---------------------------------------------------------------------------------
Finished RTL Component Statistics 
---------------------------------------------------------------------------------
---------------------------------------------------------------------------------
Start RTL Hierarchical Component Statistics 
---------------------------------------------------------------------------------
Hierarchical RTL Component report 
Module stage1 
Detailed RTL Component Info : 
+---Registers : 
	                8 Bit    Registers := 3     
	                2 Bit    Registers := 1     
	                1 Bit    Registers := 1     
Module mac 
Detailed RTL Component Info : 
+---Adders : 
	   2 Input     17 Bit       Adders := 1     
+---XORs : 
	   2 Input      1 Bit         XORs := 1     
+---Muxes : 
	   2 Input     17 Bit        Muxes := 2     
Module stage2 
Detailed RTL Component Info : 
+---Registers : 
	               17 Bit    Registers := 1     
	                1 Bit    Registers := 1     
Module stage3 
Detailed RTL Component Info : 
+---Registers : 
	               17 Bit    Registers := 1     
	                1 Bit    Registers := 1     
---------------------------------------------------------------------------------
Finished RTL Hierarchical Component Statistics
---------------------------------------------------------------------------------
---------------------------------------------------------------------------------
Start Part Resource Summary
---------------------------------------------------------------------------------
Part Resources:
DSPs: 5520 (col length:120)
BRAMs: 4320 (col length: RAMB18 240 RAMB36 120)
---------------------------------------------------------------------------------
Finished Part Resource Summary
---------------------------------------------------------------------------------
Start Parallel Synthesis Optimization  : Time (s): cpu = 00:00:16 ; elapsed = 00:00:18 . Memory (MB): peak = 1579.270 ; gain = 643.301 ; free physical = 352 ; free virtual = 5795
---------------------------------------------------------------------------------
Start Cross Boundary Optimization
---------------------------------------------------------------------------------
DSP Report: Generating DSP MAC/ARG, operation Mode is: A*B.
DSP Report: operator MAC/ARG is absorbed into DSP MAC/ARG.
---------------------------------------------------------------------------------
Finished Cross Boundary Optimization : Time (s): cpu = 00:00:16 ; elapsed = 00:00:18 . Memory (MB): peak = 1587.270 ; gain = 651.301 ; free physical = 346 ; free virtual = 5788
---------------------------------------------------------------------------------
Finished Parallel Reinference  : Time (s): cpu = 00:00:16 ; elapsed = 00:00:18 . Memory (MB): peak = 1587.270 ; gain = 651.301 ; free physical = 346 ; free virtual = 5788

Report RTL Partitions: 
+-+--------------+------------+----------+
| |RTL Partition |Replication |Instances |
+-+--------------+------------+----------+
+-+--------------+------------+----------+
---------------------------------------------------------------------------------
Start ROM, RAM, DSP and Shift Register Reporting
---------------------------------------------------------------------------------

DSP:
+------------+-------------+--------------+--------+--------+--------+--------+--------+------+------+------+------+-------+------+------+
|Module Name | DSP Mapping | Neg Edge Clk | A Size | B Size | C Size | D Size | P Size | AREG | BREG | CREG | DREG | ADREG | MREG | PREG | 
+------------+-------------+--------------+--------+--------+--------+--------+--------+------+------+------+------+-------+------+------+
|mac         | A*B         | No           | 17     | 17     | 48     | 25     | 34     | 0    | 0    | 1    | 1    | 1     | 0    | 0    | 
+------------+-------------+--------------+--------+--------+--------+--------+--------+------+------+------+------+-------+------+------+

Note: The table above shows the DSPs inferred at the current stage of the synthesis flow. Some DSP may be reimplemented as non DSP primitives later in the synthesis flow. Multiple instantiated DSPs are reported only once.
---------------------------------------------------------------------------------
Finished ROM, RAM, DSP and Shift Register Reporting
---------------------------------------------------------------------------------
No constraint files found.
---------------------------------------------------------------------------------
Start Area Optimization
---------------------------------------------------------------------------------
---------------------------------------------------------------------------------
Finished Area Optimization : Time (s): cpu = 00:00:16 ; elapsed = 00:00:18 . Memory (MB): peak = 1595.277 ; gain = 659.309 ; free physical = 338 ; free virtual = 5781
---------------------------------------------------------------------------------
Finished Parallel Area Optimization  : Time (s): cpu = 00:00:16 ; elapsed = 00:00:18 . Memory (MB): peak = 1595.277 ; gain = 659.309 ; free physical = 338 ; free virtual = 5781

Report RTL Partitions: 
+-+--------------+------------+----------+
| |RTL Partition |Replication |Instances |
+-+--------------+------------+----------+
+-+--------------+------------+----------+
---------------------------------------------------------------------------------
Start Timing Optimization
---------------------------------------------------------------------------------
No constraint files found.
---------------------------------------------------------------------------------
Finished Timing Optimization : Time (s): cpu = 00:00:16 ; elapsed = 00:00:18 . Memory (MB): peak = 1595.277 ; gain = 659.309 ; free physical = 338 ; free virtual = 5781
---------------------------------------------------------------------------------

Report RTL Partitions: 
+-+--------------+------------+----------+
| |RTL Partition |Replication |Instances |
+-+--------------+------------+----------+
+-+--------------+------------+----------+
---------------------------------------------------------------------------------
Start Technology Mapping
---------------------------------------------------------------------------------
---------------------------------------------------------------------------------
Finished Technology Mapping : Time (s): cpu = 00:00:16 ; elapsed = 00:00:18 . Memory (MB): peak = 1603.285 ; gain = 667.316 ; free physical = 330 ; free virtual = 5773
---------------------------------------------------------------------------------
Finished Parallel Technology Mapping Optimization  : Time (s): cpu = 00:00:16 ; elapsed = 00:00:18 . Memory (MB): peak = 1603.285 ; gain = 667.316 ; free physical = 330 ; free virtual = 5773

Report RTL Partitions: 
+-+--------------+------------+----------+
| |RTL Partition |Replication |Instances |
+-+--------------+------------+----------+
+-+--------------+------------+----------+
Finished Parallel Synthesis Optimization  : Time (s): cpu = 00:00:16 ; elapsed = 00:00:18 . Memory (MB): peak = 1603.285 ; gain = 667.316 ; free physical = 330 ; free virtual = 5773
---------------------------------------------------------------------------------
Start IO Insertion
---------------------------------------------------------------------------------
---------------------------------------------------------------------------------
Start Flattening Before IO Insertion
---------------------------------------------------------------------------------
---------------------------------------------------------------------------------
Finished Flattening Before IO Insertion
---------------------------------------------------------------------------------
---------------------------------------------------------------------------------
Start Final Netlist Cleanup
---------------------------------------------------------------------------------
---------------------------------------------------------------------------------
Finished Final Netlist Cleanup
---------------------------------------------------------------------------------
---------------------------------------------------------------------------------
Finished IO Insertion : Time (s): cpu = 00:00:16 ; elapsed = 00:00:18 . Memory (MB): peak = 1603.285 ; gain = 667.316 ; free physical = 330 ; free virtual = 5773
---------------------------------------------------------------------------------

Report Check Netlist: 
+------+------------------+-------+---------+-------+------------------+
|      |Item              |Errors |Warnings |Status |Description       |
+------+------------------+-------+---------+-------+------------------+
|1     |multi_driven_nets |      0|        0|Passed |Multi driven nets |
+------+------------------+-------+---------+-------+------------------+
---------------------------------------------------------------------------------
Start Renaming Generated Instances
---------------------------------------------------------------------------------
---------------------------------------------------------------------------------
Finished Renaming Generated Instances : Time (s): cpu = 00:00:16 ; elapsed = 00:00:18 . Memory (MB): peak = 1603.285 ; gain = 667.316 ; free physical = 330 ; free virtual = 5773
---------------------------------------------------------------------------------

Report RTL Partitions: 
+-+--------------+------------+----------+
| |RTL Partition |Replication |Instances |
+-+--------------+------------+----------+
+-+--------------+------------+----------+
---------------------------------------------------------------------------------
Start Rebuilding User Hierarchy
---------------------------------------------------------------------------------
---------------------------------------------------------------------------------
Finished Rebuilding User Hierarchy : Time (s): cpu = 00:00:16 ; elapsed = 00:00:18 . Memory (MB): peak = 1603.285 ; gain = 667.316 ; free physical = 330 ; free virtual = 5773
---------------------------------------------------------------------------------
---------------------------------------------------------------------------------
Start Renaming Generated Ports
---------------------------------------------------------------------------------
---------------------------------------------------------------------------------
Finished Renaming Generated Ports : Time (s): cpu = 00:00:16 ; elapsed = 00:00:18 . Memory (MB): peak = 1603.285 ; gain = 667.316 ; free physical = 330 ; free virtual = 5773
---------------------------------------------------------------------------------
---------------------------------------------------------------------------------
Start Handling Custom Attributes
---------------------------------------------------------------------------------
---------------------------------------------------------------------------------
Finished Handling Custom Attributes : Time (s): cpu = 00:00:16 ; elapsed = 00:00:18 . Memory (MB): peak = 1603.285 ; gain = 667.316 ; free physical = 330 ; free virtual = 5773
---------------------------------------------------------------------------------
---------------------------------------------------------------------------------
Start Renaming Generated Nets
---------------------------------------------------------------------------------
---------------------------------------------------------------------------------
Finished Renaming Generated Nets : Time (s): cpu = 00:00:16 ; elapsed = 00:00:18 . Memory (MB): peak = 1603.285 ; gain = 667.316 ; free physical = 330 ; free virtual = 5773
---------------------------------------------------------------------------------
---------------------------------------------------------------------------------
Start Writing Synthesis Report
---------------------------------------------------------------------------------

Report BlackBoxes: 
+-+--------------+----------+
| |BlackBox name |Instances |
+-+--------------+----------+
+-+--------------+----------+

Report Cell Usage: 
+------+--------+------+
|      |Cell    |Count |
+------+--------+------+
|1     |BUFG    |     1|
|2     |CARRY8  |     3|
|3     |DSP48E2 |     1|
|4     |LUT1    |     1|
|5     |LUT3    |    33|
|6     |FDCE    |     5|
|7     |FDPE    |    58|
|8     |IBUF    |    29|
|9     |OBUF    |    18|
+------+--------+------+

Report Instance Areas: 
+------+---------+-------+------+
|      |Instance |Module |Cells |
+------+---------+-------+------+
|1     |top      |       |   149|
|2     |  MAC    |mac    |    29|
|3     |  ST1    |stage1 |    36|
|4     |  ST2    |stage2 |    18|
|5     |  ST3    |stage3 |    18|
+------+---------+-------+------+
---------------------------------------------------------------------------------
Finished Writing Synthesis Report : Time (s): cpu = 00:00:16 ; elapsed = 00:00:18 . Memory (MB): peak = 1603.285 ; gain = 667.316 ; free physical = 330 ; free virtual = 5773
---------------------------------------------------------------------------------
Synthesis finished with 0 errors, 0 critical warnings and 0 warnings.
Synthesis Optimization Runtime : Time (s): cpu = 00:00:14 ; elapsed = 00:00:15 . Memory (MB): peak = 1603.285 ; gain = 553.355 ; free physical = 330 ; free virtual = 5773
Synthesis Optimization Complete : Time (s): cpu = 00:00:16 ; elapsed = 00:00:18 . Memory (MB): peak = 1603.285 ; gain = 667.316 ; free physical = 330 ; free virtual = 5773
INFO: [Project 1-571] Translating synthesized netlist
INFO: [Netlist 29-17] Analyzing 31 Unisim elements for replacement
INFO: [Netlist 29-28] Unisim Transformation completed in 0 CPU seconds
INFO: [Project 1-570] Preparing netlist for logic optimization
INFO: [Opt 31-138] Pushed 0 inverter(s) to 0 load pin(s).
INFO: [Project 1-111] Unisim Transformation Summary:
  A total of 31 instances were transformed.
  BUFG => BUFGCE: 1 instances
  DSP48E2 => DSP48E2 (DSP_ALU, DSP_A_B_DATA, DSP_C_DATA, DSP_MULTIPLIER, DSP_M_DATA, DSP_OUTPUT, DSP_PREADD_DATA, DSP_PREADD): 1 instances
  IBUF => IBUF (IBUFCTRL, INBUF): 29 instances

INFO: [Common 17-83] Releasing license: Synthesis
20 Infos, 0 Warnings, 0 Critical Warnings and 0 Errors encountered.
synth_design completed successfully
synth_design: Time (s): cpu = 00:00:20 ; elapsed = 00:00:22 . Memory (MB): peak = 1703.930 ; gain = 695.621 ; free physical = 250 ; free virtual = 5701
report_utilization: Time (s): cpu = 00:00:00.09 ; elapsed = 00:00:00.21 . Memory (MB): peak = 1743.945 ; gain = 0.000 ; free physical = 248 ; free virtual = 5700
INFO: [Common 17-206] Exiting Vivado at Thu Sep 28 14:19:42 2017...
