
*** Running vivado
    with args -log mac.vds -m64 -mode batch -messageDb vivado.pb -notrace -source mac.tcl


****** Vivado v2015.4.1 (64-bit)
  **** SW Build 1431336 on Fri Dec 11 14:52:39 MST 2015
  **** IP Build 1427053 on Mon Dec  7 12:56:29 MST 2015
    ** Copyright 1986-2015 Xilinx, Inc. All Rights Reserved.

source mac.tcl -notrace
Command: synth_design -top mac -part xcku115-flva2104-3-e
Starting synth_design
Attempting to get a license for feature 'Synthesis' and/or device 'xcku115'
INFO: [Common 17-349] Got license for feature 'Synthesis' and/or device 'xcku115'
INFO: [Common 17-1223] The version limit for your license is '2016.04' and will expire in -509 days. A version limit expiration means that, although you may be able to continue to use the current version of tools or IP with this license, you will not be eligible for any updates or new releases.
INFO: Launching helper process for spawning children vivado processes
INFO: Helper process launched with PID 29133 
---------------------------------------------------------------------------------
Starting Synthesize : Time (s): cpu = 00:00:08 ; elapsed = 00:00:10 . Memory (MB): peak = 1110.938 ; gain = 174.961 ; free physical = 281 ; free virtual = 4022
---------------------------------------------------------------------------------
INFO: [Synth 8-638] synthesizing module 'mac' [/nethome/wsutton8/ECE6276/ECE6276/HW3/lab_3/src/mac_updated.vhd:20]
INFO: [Synth 8-256] done synthesizing module 'mac' (1#1) [/nethome/wsutton8/ECE6276/ECE6276/HW3/lab_3/src/mac_updated.vhd:20]
---------------------------------------------------------------------------------
Finished Synthesize : Time (s): cpu = 00:00:09 ; elapsed = 00:00:11 . Memory (MB): peak = 1152.312 ; gain = 216.336 ; free physical = 238 ; free virtual = 3981
---------------------------------------------------------------------------------
---------------------------------------------------------------------------------
Finished Constraint Validation : Time (s): cpu = 00:00:09 ; elapsed = 00:00:11 . Memory (MB): peak = 1152.312 ; gain = 216.336 ; free physical = 238 ; free virtual = 3981
---------------------------------------------------------------------------------
---------------------------------------------------------------------------------
Start Loading Part and Timing Information
---------------------------------------------------------------------------------
Loading part: xcku115-flva2104-3-e
---------------------------------------------------------------------------------
Finished Loading Part and Timing Information : Time (s): cpu = 00:00:09 ; elapsed = 00:00:11 . Memory (MB): peak = 1161.316 ; gain = 225.340 ; free physical = 238 ; free virtual = 3981
---------------------------------------------------------------------------------
INFO: [Device 21-403] Loading part xcku115-flva2104-3-e
---------------------------------------------------------------------------------
Finished RTL Optimization Phase 2 : Time (s): cpu = 00:00:09 ; elapsed = 00:00:11 . Memory (MB): peak = 1169.324 ; gain = 233.348 ; free physical = 231 ; free virtual = 3974
---------------------------------------------------------------------------------

Report RTL Partitions: 
+-+--------------+------------+----------+
| |RTL Partition |Replication |Instances |
+-+--------------+------------+----------+
+-+--------------+------------+----------+
No constraint files found.
---------------------------------------------------------------------------------
Start RTL Component Statistics 
---------------------------------------------------------------------------------
Detailed RTL Component Info : 
+---Adders : 
	   2 Input     17 Bit       Adders := 1     
+---XORs : 
	   2 Input      1 Bit         XORs := 1     
+---Muxes : 
	   2 Input     17 Bit        Muxes := 2     
---------------------------------------------------------------------------------
Finished RTL Component Statistics 
---------------------------------------------------------------------------------
---------------------------------------------------------------------------------
Start RTL Hierarchical Component Statistics 
---------------------------------------------------------------------------------
Hierarchical RTL Component report 
Module mac 
Detailed RTL Component Info : 
+---Adders : 
	   2 Input     17 Bit       Adders := 1     
+---XORs : 
	   2 Input      1 Bit         XORs := 1     
+---Muxes : 
	   2 Input     17 Bit        Muxes := 2     
---------------------------------------------------------------------------------
Finished RTL Hierarchical Component Statistics
---------------------------------------------------------------------------------
---------------------------------------------------------------------------------
Start Part Resource Summary
---------------------------------------------------------------------------------
Part Resources:
DSPs: 5520 (col length:120)
BRAMs: 4320 (col length: RAMB18 240 RAMB36 120)
---------------------------------------------------------------------------------
Finished Part Resource Summary
---------------------------------------------------------------------------------
Start Parallel Synthesis Optimization  : Time (s): cpu = 00:00:16 ; elapsed = 00:00:20 . Memory (MB): peak = 1579.637 ; gain = 643.660 ; free physical = 146 ; free virtual = 3569
---------------------------------------------------------------------------------
Start Cross Boundary Optimization
---------------------------------------------------------------------------------
DSP Report: Generating DSP ARG, operation Mode is: A*B.
DSP Report: operator ARG is absorbed into DSP ARG.
---------------------------------------------------------------------------------
Finished Cross Boundary Optimization : Time (s): cpu = 00:00:16 ; elapsed = 00:00:20 . Memory (MB): peak = 1587.637 ; gain = 651.660 ; free physical = 134 ; free virtual = 3565
---------------------------------------------------------------------------------
Finished Parallel Reinference  : Time (s): cpu = 00:00:16 ; elapsed = 00:00:20 . Memory (MB): peak = 1587.637 ; gain = 651.660 ; free physical = 134 ; free virtual = 3565

Report RTL Partitions: 
+-+--------------+------------+----------+
| |RTL Partition |Replication |Instances |
+-+--------------+------------+----------+
+-+--------------+------------+----------+
---------------------------------------------------------------------------------
Start ROM, RAM, DSP and Shift Register Reporting
---------------------------------------------------------------------------------

DSP:
+------------+-------------+--------------+--------+--------+--------+--------+--------+------+------+------+------+-------+------+------+
|Module Name | DSP Mapping | Neg Edge Clk | A Size | B Size | C Size | D Size | P Size | AREG | BREG | CREG | DREG | ADREG | MREG | PREG | 
+------------+-------------+--------------+--------+--------+--------+--------+--------+------+------+------+------+-------+------+------+
|mac         | A*B         | No           | 17     | 17     | 48     | 25     | 34     | 0    | 0    | 1    | 1    | 1     | 0    | 0    | 
+------------+-------------+--------------+--------+--------+--------+--------+--------+------+------+------+------+-------+------+------+

Note: The table above shows the DSPs inferred at the current stage of the synthesis flow. Some DSP may be reimplemented as non DSP primitives later in the synthesis flow. Multiple instantiated DSPs are reported only once.
---------------------------------------------------------------------------------
Finished ROM, RAM, DSP and Shift Register Reporting
---------------------------------------------------------------------------------
No constraint files found.
---------------------------------------------------------------------------------
Start Area Optimization
---------------------------------------------------------------------------------
---------------------------------------------------------------------------------
Finished Area Optimization : Time (s): cpu = 00:00:16 ; elapsed = 00:00:20 . Memory (MB): peak = 1595.645 ; gain = 659.668 ; free physical = 120 ; free virtual = 3557
---------------------------------------------------------------------------------
Finished Parallel Area Optimization  : Time (s): cpu = 00:00:16 ; elapsed = 00:00:20 . Memory (MB): peak = 1595.645 ; gain = 659.668 ; free physical = 120 ; free virtual = 3557

Report RTL Partitions: 
+-+--------------+------------+----------+
| |RTL Partition |Replication |Instances |
+-+--------------+------------+----------+
+-+--------------+------------+----------+
---------------------------------------------------------------------------------
Start Timing Optimization
---------------------------------------------------------------------------------
No constraint files found.
---------------------------------------------------------------------------------
Finished Timing Optimization : Time (s): cpu = 00:00:16 ; elapsed = 00:00:20 . Memory (MB): peak = 1595.645 ; gain = 659.668 ; free physical = 120 ; free virtual = 3557
---------------------------------------------------------------------------------

Report RTL Partitions: 
+-+--------------+------------+----------+
| |RTL Partition |Replication |Instances |
+-+--------------+------------+----------+
+-+--------------+------------+----------+
---------------------------------------------------------------------------------
Start Technology Mapping
---------------------------------------------------------------------------------
---------------------------------------------------------------------------------
Finished Technology Mapping : Time (s): cpu = 00:00:16 ; elapsed = 00:00:20 . Memory (MB): peak = 1595.645 ; gain = 659.668 ; free physical = 120 ; free virtual = 3557
---------------------------------------------------------------------------------
Finished Parallel Technology Mapping Optimization  : Time (s): cpu = 00:00:16 ; elapsed = 00:00:20 . Memory (MB): peak = 1595.645 ; gain = 659.668 ; free physical = 120 ; free virtual = 3557

Report RTL Partitions: 
+-+--------------+------------+----------+
| |RTL Partition |Replication |Instances |
+-+--------------+------------+----------+
+-+--------------+------------+----------+
Finished Parallel Synthesis Optimization  : Time (s): cpu = 00:00:16 ; elapsed = 00:00:20 . Memory (MB): peak = 1595.645 ; gain = 659.668 ; free physical = 120 ; free virtual = 3557
---------------------------------------------------------------------------------
Start IO Insertion
---------------------------------------------------------------------------------
---------------------------------------------------------------------------------
Start Flattening Before IO Insertion
---------------------------------------------------------------------------------
---------------------------------------------------------------------------------
Finished Flattening Before IO Insertion
---------------------------------------------------------------------------------
---------------------------------------------------------------------------------
Start Final Netlist Cleanup
---------------------------------------------------------------------------------
---------------------------------------------------------------------------------
Finished Final Netlist Cleanup
---------------------------------------------------------------------------------
---------------------------------------------------------------------------------
Finished IO Insertion : Time (s): cpu = 00:00:17 ; elapsed = 00:00:21 . Memory (MB): peak = 1595.645 ; gain = 659.668 ; free physical = 120 ; free virtual = 3557
---------------------------------------------------------------------------------

Report Check Netlist: 
+------+------------------+-------+---------+-------+------------------+
|      |Item              |Errors |Warnings |Status |Description       |
+------+------------------+-------+---------+-------+------------------+
|1     |multi_driven_nets |      0|        0|Passed |Multi driven nets |
+------+------------------+-------+---------+-------+------------------+
---------------------------------------------------------------------------------
Start Renaming Generated Instances
---------------------------------------------------------------------------------
---------------------------------------------------------------------------------
Finished Renaming Generated Instances : Time (s): cpu = 00:00:17 ; elapsed = 00:00:21 . Memory (MB): peak = 1595.645 ; gain = 659.668 ; free physical = 120 ; free virtual = 3557
---------------------------------------------------------------------------------

Report RTL Partitions: 
+-+--------------+------------+----------+
| |RTL Partition |Replication |Instances |
+-+--------------+------------+----------+
+-+--------------+------------+----------+
---------------------------------------------------------------------------------
Start Rebuilding User Hierarchy
---------------------------------------------------------------------------------
---------------------------------------------------------------------------------
Finished Rebuilding User Hierarchy : Time (s): cpu = 00:00:17 ; elapsed = 00:00:21 . Memory (MB): peak = 1595.645 ; gain = 659.668 ; free physical = 120 ; free virtual = 3557
---------------------------------------------------------------------------------
---------------------------------------------------------------------------------
Start Renaming Generated Ports
---------------------------------------------------------------------------------
---------------------------------------------------------------------------------
Finished Renaming Generated Ports : Time (s): cpu = 00:00:17 ; elapsed = 00:00:21 . Memory (MB): peak = 1595.645 ; gain = 659.668 ; free physical = 120 ; free virtual = 3557
---------------------------------------------------------------------------------
---------------------------------------------------------------------------------
Start Handling Custom Attributes
---------------------------------------------------------------------------------
---------------------------------------------------------------------------------
Finished Handling Custom Attributes : Time (s): cpu = 00:00:17 ; elapsed = 00:00:21 . Memory (MB): peak = 1595.645 ; gain = 659.668 ; free physical = 120 ; free virtual = 3557
---------------------------------------------------------------------------------
---------------------------------------------------------------------------------
Start Renaming Generated Nets
---------------------------------------------------------------------------------
---------------------------------------------------------------------------------
Finished Renaming Generated Nets : Time (s): cpu = 00:00:17 ; elapsed = 00:00:21 . Memory (MB): peak = 1595.645 ; gain = 659.668 ; free physical = 120 ; free virtual = 3557
---------------------------------------------------------------------------------
---------------------------------------------------------------------------------
Start Writing Synthesis Report
---------------------------------------------------------------------------------

Report BlackBoxes: 
+-+--------------+----------+
| |BlackBox name |Instances |
+-+--------------+----------+
+-+--------------+----------+

Report Cell Usage: 
+------+--------+------+
|      |Cell    |Count |
+------+--------+------+
|1     |CARRY8  |     3|
|2     |DSP48E2 |     1|
|3     |LUT3    |    33|
|4     |IBUF    |    26|
|5     |OBUF    |    17|
+------+--------+------+

Report Instance Areas: 
+------+---------+-------+------+
|      |Instance |Module |Cells |
+------+---------+-------+------+
|1     |top      |       |    80|
+------+---------+-------+------+
---------------------------------------------------------------------------------
Finished Writing Synthesis Report : Time (s): cpu = 00:00:17 ; elapsed = 00:00:21 . Memory (MB): peak = 1595.645 ; gain = 659.668 ; free physical = 120 ; free virtual = 3557
---------------------------------------------------------------------------------
Synthesis finished with 0 errors, 0 critical warnings and 0 warnings.
Synthesis Optimization Runtime : Time (s): cpu = 00:00:14 ; elapsed = 00:00:15 . Memory (MB): peak = 1595.645 ; gain = 545.707 ; free physical = 120 ; free virtual = 3557
Synthesis Optimization Complete : Time (s): cpu = 00:00:17 ; elapsed = 00:00:21 . Memory (MB): peak = 1595.645 ; gain = 659.668 ; free physical = 116 ; free virtual = 3557
INFO: [Project 1-571] Translating synthesized netlist
INFO: [Netlist 29-17] Analyzing 27 Unisim elements for replacement
INFO: [Netlist 29-28] Unisim Transformation completed in 0 CPU seconds
INFO: [Project 1-570] Preparing netlist for logic optimization
INFO: [Opt 31-138] Pushed 0 inverter(s) to 0 load pin(s).
INFO: [Project 1-111] Unisim Transformation Summary:
  A total of 27 instances were transformed.
  DSP48E2 => DSP48E2 (DSP_ALU, DSP_A_B_DATA, DSP_C_DATA, DSP_MULTIPLIER, DSP_M_DATA, DSP_OUTPUT, DSP_PREADD_DATA, DSP_PREADD): 1 instances
  IBUF => IBUF (IBUFCTRL, INBUF): 26 instances

INFO: [Common 17-83] Releasing license: Synthesis
12 Infos, 0 Warnings, 0 Critical Warnings and 0 Errors encountered.
synth_design completed successfully
synth_design: Time (s): cpu = 00:00:20 ; elapsed = 00:00:23 . Memory (MB): peak = 1704.289 ; gain = 695.973 ; free physical = 135 ; free virtual = 3475
report_utilization: Time (s): cpu = 00:00:00.09 ; elapsed = 00:00:00.68 . Memory (MB): peak = 1744.305 ; gain = 0.000 ; free physical = 140 ; free virtual = 3474
INFO: [Common 17-206] Exiting Vivado at Thu Sep 21 19:18:47 2017...
