Copyright 1986-2017 Xilinx, Inc. All Rights Reserved.
------------------------------------------------------------------------------------------
| Tool Version      : Vivado v.2017.2 (lin64) Build 1909853 Thu Jun 15 18:39:10 MDT 2017
| Date              : Thu Oct 12 20:47:48 2017
| Host              : localhost.localdomain running 64-bit unknown
| Command           : report_clock_utilization -file fft_top_clock_utilization_routed.rpt
| Design            : fft_top
| Device            : xcku035-ffva1156
| Speed File        : -3  PRODUCTION 1.23 03-22-2017
| Temperature Grade : E
------------------------------------------------------------------------------------------

Clock Utilization Report

Table of Contents
-----------------
1. Clock Primitive Utilization
2. Global Clock Resources
3. Global Clock Source Details
4. Clock Regions : Clock Primitives
5. Clock Regions : Load Primitives
6. Clock Regions : Global Clock Summary
7. Clock Regions : Routing Resource Utilization
8. Device Cell Placement Summary for Global Clock g0
9. Clock Region Cell Placement per Global Clock: Region X1Y1
10. Clock Region Cell Placement per Global Clock: Region X2Y1
11. Clock Region Cell Placement per Global Clock: Region X1Y2
12. Clock Region Cell Placement per Global Clock: Region X2Y2
13. Clock Region Cell Placement per Global Clock: Region X1Y3
14. Clock Region Cell Placement per Global Clock: Region X2Y3

1. Clock Primitive Utilization
------------------------------

+------------+------+-----------+-----+--------------+--------+
| Type       | Used | Available | LOC | Clock Region | Pblock |
+------------+------+-----------+-----+--------------+--------+
| BUFGCE     |    1 |       240 |   0 |            0 |      0 |
| BUFGCE_DIV |    0 |        40 |   0 |            0 |      0 |
| BUFGCTRL   |    0 |        80 |   0 |            0 |      0 |
| BUFG_GT    |    0 |       120 |   0 |            0 |      0 |
| MMCM       |    0 |        10 |   0 |            0 |      0 |
| PLL        |    0 |        20 |   0 |            0 |      0 |
+------------+------+-----------+-----+--------------+--------+


2. Global Clock Resources
-------------------------

+-----------+-----------+-----------------+------------+--------------+--------------+------+-------------------+-------------------+-------------+-----------------+--------------+-----------+----------------------+---------------+
| Global Id | Source Id | Driver Type/Pin | Constraint | Site         | Clock Region | Root | Clock Delay Group | Load Clock Region | Clock Loads | Non-Clock Loads | Clock Period | Clock     | Driver Pin           | Net           |
+-----------+-----------+-----------------+------------+--------------+--------------+------+-------------------+-------------------+-------------+-----------------+--------------+-----------+----------------------+---------------+
| g0        | src0      | BUFGCE/O        | None       | BUFGCE_X1Y74 | X2Y3         | X1Y2 |                   |                 4 |         322 |               0 |       50.000 | clk_pin_p | clk_IBUF_BUFG_inst/O | clk_IBUF_BUFG |
+-----------+-----------+-----------------+------------+--------------+--------------+------+-------------------+-------------------+-------------+-----------------+--------------+-----------+----------------------+---------------+
* Clock Loads column represents the clock pin loads (pin count)
** Non-Clock Loads column represents the non-clock pin loads (pin count)


3. Global Clock Source Details
------------------------------

+-----------+-----------+-----------------+------------+------------+--------------+-------------+-----------------+---------------------+--------------+-------------------------------+-----------------+
| Source Id | Global Id | Driver Type/Pin | Constraint | Site       | Clock Region | Clock Loads | Non-Clock Loads | Source Clock Period | Source Clock | Driver Pin                    | Net             |
+-----------+-----------+-----------------+------------+------------+--------------+-------------+-----------------+---------------------+--------------+-------------------------------+-----------------+
| src0      | g0        | IBUFCTRL/O      | None       | IOB_X1Y177 | X2Y3         |           1 |               0 |              50.000 | clk_pin_p    | clk_IBUF_inst/IBUFCTRL_INST/O | clk_IBUF_inst/O |
+-----------+-----------+-----------------+------------+------------+--------------+-------------+-----------------+---------------------+--------------+-------------------------------+-----------------+
* Clock Loads column represents the clock pin loads (pin count)
** Non-Clock Loads column represents the non-clock pin loads (pin count)


4. Clock Regions : Clock Primitives
-----------------------------------

+-------------------+--------------+--------------+--------------+--------------+--------------+--------------+--------------+
|                   | Global Clock |    BUFGCE    |  BUFGCE_DIV  |   BUFGCTRL   |    BUFG_GT   |     MMCM     |      PLL     |
+-------------------+------+-------+------+-------+------+-------+------+-------+------+-------+------+-------+------+-------+
| Clock Region Name | Used | Avail | Used | Avail | Used | Avail | Used | Avail | Used | Avail | Used | Avail | Used | Avail |
+-------------------+------+-------+------+-------+------+-------+------+-------+------+-------+------+-------+------+-------+
| X0Y0              |    0 |    24 |    0 |    24 |    0 |     4 |    0 |     8 |    0 |     0 |    0 |     1 |    0 |     2 |
| X1Y0              |    0 |    24 |    0 |     0 |    0 |     0 |    0 |     0 |    0 |     0 |    0 |     0 |    0 |     0 |
| X2Y0              |    0 |    24 |    0 |    24 |    0 |     4 |    0 |     8 |    0 |     0 |    0 |     1 |    0 |     2 |
| X3Y0              |    0 |    24 |    0 |     0 |    0 |     0 |    0 |     0 |    0 |    24 |    0 |     0 |    0 |     0 |
| X0Y1              |    0 |    24 |    0 |    24 |    0 |     4 |    0 |     8 |    0 |     0 |    0 |     1 |    0 |     2 |
| X1Y1              |    1 |    24 |    0 |     0 |    0 |     0 |    0 |     0 |    0 |     0 |    0 |     0 |    0 |     0 |
| X2Y1              |    2 |    24 |    0 |    24 |    0 |     4 |    0 |     8 |    0 |     0 |    0 |     1 |    0 |     2 |
| X3Y1              |    0 |    24 |    0 |     0 |    0 |     0 |    0 |     0 |    0 |    24 |    0 |     0 |    0 |     0 |
| X0Y2              |    0 |    24 |    0 |    24 |    0 |     4 |    0 |     8 |    0 |     0 |    0 |     1 |    0 |     2 |
| X1Y2              |    1 |    24 |    0 |     0 |    0 |     0 |    0 |     0 |    0 |     0 |    0 |     0 |    0 |     0 |
| X2Y2              |    2 |    24 |    0 |    24 |    0 |     4 |    0 |     8 |    0 |     0 |    0 |     1 |    0 |     2 |
| X3Y2              |    0 |    24 |    0 |     0 |    0 |     0 |    0 |     0 |    0 |    24 |    0 |     0 |    0 |     0 |
| X0Y3              |    0 |    24 |    0 |    24 |    0 |     4 |    0 |     8 |    0 |     0 |    0 |     1 |    0 |     2 |
| X1Y3              |    1 |    24 |    0 |     0 |    0 |     0 |    0 |     0 |    0 |     0 |    0 |     0 |    0 |     0 |
| X2Y3              |    2 |    24 |    1 |    24 |    0 |     4 |    0 |     8 |    0 |     0 |    0 |     1 |    0 |     2 |
| X3Y3              |    0 |    24 |    0 |     0 |    0 |     0 |    0 |     0 |    0 |    24 |    0 |     0 |    0 |     0 |
| X0Y4              |    0 |    24 |    0 |    24 |    0 |     4 |    0 |     8 |    0 |     0 |    0 |     1 |    0 |     2 |
| X1Y4              |    0 |    24 |    0 |     0 |    0 |     0 |    0 |     0 |    0 |     0 |    0 |     0 |    0 |     0 |
| X2Y4              |    0 |    24 |    0 |    24 |    0 |     4 |    0 |     8 |    0 |     0 |    0 |     1 |    0 |     2 |
| X3Y4              |    0 |    24 |    0 |     0 |    0 |     0 |    0 |     0 |    0 |    24 |    0 |     0 |    0 |     0 |
+-------------------+------+-------+------+-------+------+-------+------+-------+------+-------+------+-------+------+-------+
* Global Clock column represents track count; while other columns represents cell counts


5. Clock Regions : Load Primitives
----------------------------------

+-------------------+------------------+------------------+------------------+------------------+------------------+------------------+------------------+
|                   |   Global Clock   |        FF        |      LUTRAM      |  Block RAM Tiles |        DSP       |        GT        |      HARD IP     |
+-------------------+--------+---------+--------+---------+--------+---------+--------+---------+--------+---------+--------+---------+--------+---------+
| Clock Region Name | Used   | Avail   | Used   | Avail   | Used   | Avail   | Used   | Avail   | Used   | Avail   | Used   | Avail   | Used   | Avail   |
+-------------------+--------+---------+--------+---------+--------+---------+--------+---------+--------+---------+--------+---------+--------+---------+
| X0Y0              |      0 |      24 |      0 |   23040 |      0 |    5760 |      0 |     108 |      0 |      96 |      0 |       0 |      0 |       0 |
| X1Y0              |      0 |      24 |      0 |   24000 |      0 |    6240 |      0 |     108 |      0 |      96 |      0 |       0 |      0 |       0 |
| X2Y0              |      0 |      24 |      0 |   25920 |      0 |    7200 |      0 |      72 |      0 |     144 |      0 |       0 |      0 |       0 |
| X3Y0              |      0 |      24 |      0 |   24000 |      0 |    3360 |      0 |      72 |      0 |      48 |      0 |       4 |      0 |       1 |
| X0Y1              |      0 |      24 |      0 |   23040 |      0 |    5760 |      0 |     108 |      0 |      96 |      0 |       0 |      0 |       0 |
| X1Y1              |      1 |      24 |     15 |   24000 |      0 |    6240 |      0 |     108 |      0 |      96 |      0 |       0 |      0 |       0 |
| X2Y1              |      2 |      24 |    273 |   25920 |      0 |    7200 |      0 |      72 |      0 |     144 |      0 |       0 |      0 |       0 |
| X3Y1              |      0 |      24 |      0 |   24000 |      0 |    3360 |      0 |      72 |      0 |      48 |      0 |       4 |      0 |       0 |
| X0Y2              |      0 |      24 |      0 |   23040 |      0 |    5760 |      0 |     108 |      0 |      96 |      0 |       0 |      0 |       0 |
| X1Y2              |      1 |      24 |      0 |   24000 |      0 |    6240 |      0 |     108 |      0 |      96 |      0 |       0 |      0 |       0 |
| X2Y2              |      2 |      24 |     32 |   25920 |      0 |    7200 |      0 |      72 |      0 |     144 |      0 |       0 |      0 |       0 |
| X3Y2              |      0 |      24 |      0 |   24000 |      0 |    3360 |      0 |      72 |      0 |      48 |      0 |       4 |      0 |       0 |
| X0Y3              |      0 |      24 |      0 |   23040 |      0 |    5760 |      0 |     108 |      0 |      96 |      0 |       0 |      0 |       0 |
| X1Y3              |      1 |      24 |      0 |   24000 |      0 |    6240 |      0 |     108 |      0 |      96 |      0 |       0 |      0 |       0 |
| X2Y3              |      2 |      24 |      2 |   25920 |      0 |    7200 |      0 |      72 |      0 |     144 |      0 |       0 |      0 |       0 |
| X3Y3              |      0 |      24 |      0 |   24000 |      0 |    3360 |      0 |      72 |      0 |      48 |      0 |       4 |      0 |       1 |
| X0Y4              |      0 |      24 |      0 |   23040 |      0 |    5760 |      0 |     108 |      0 |      96 |      0 |       0 |      0 |       0 |
| X1Y4              |      0 |      24 |      0 |   24000 |      0 |    6240 |      0 |     108 |      0 |      96 |      0 |       0 |      0 |       0 |
| X2Y4              |      0 |      24 |      0 |   25920 |      0 |    7200 |      0 |      72 |      0 |     144 |      0 |       0 |      0 |       0 |
| X3Y4              |      0 |      24 |      0 |   24000 |      0 |    3360 |      0 |      72 |      0 |      48 |      0 |       4 |      0 |       1 |
+-------------------+--------+---------+--------+---------+--------+---------+--------+---------+--------+---------+--------+---------+--------+---------+
* Global Clock column represents track count; while other columns represents cell counts


6. Clock Regions : Global Clock Summary
---------------------------------------

+----+----+----+----+----+
|    | X0 | X1 | X2 | X3 |
+----+----+----+----+----+
| Y4 |  0 |  0 |  0 |  0 |
| Y3 |  0 |  1 |  2 |  0 |
| Y2 |  0 |  1 |  2 |  0 |
| Y1 |  0 |  1 |  2 |  0 |
| Y0 |  0 |  0 |  0 |  0 |
+----+----+----+----+----+


7. Clock Regions : Routing Resource Utilization
-----------------------------------------------

+-------------------+----------------------+----------------------+----------------------+----------------------+
|                   |        HROUTES       |        HDISTRS       |        VROUTES       |        VDISTRS       |
+-------------------+------+-------+-------+------+-------+-------+------+-------+-------+------+-------+-------+
| Clock Region Name | Used | Avail | Util% | Used | Avail | Util% | Used | Avail | Util% | Used | Avail | Util% |
+-------------------+------+-------+-------+------+-------+-------+------+-------+-------+------+-------+-------+
| X0Y0              |    0 |    24 |  0.00 |    0 |    24 |  0.00 |    0 |    24 |  0.00 |    0 |    24 |  0.00 |
| X1Y0              |    0 |    24 |  0.00 |    0 |    24 |  0.00 |    0 |    24 |  0.00 |    0 |    24 |  0.00 |
| X2Y0              |    0 |    24 |  0.00 |    0 |    24 |  0.00 |    0 |    24 |  0.00 |    0 |    24 |  0.00 |
| X3Y0              |    0 |    24 |  0.00 |    0 |    24 |  0.00 |    0 |    24 |  0.00 |    0 |    24 |  0.00 |
| X0Y1              |    0 |    24 |  0.00 |    0 |    24 |  0.00 |    0 |    24 |  0.00 |    0 |    24 |  0.00 |
| X1Y1              |    0 |    24 |  0.00 |    1 |    24 |  4.17 |    0 |    24 |  0.00 |    1 |    24 |  4.17 |
| X2Y1              |    0 |    24 |  0.00 |    1 |    24 |  4.17 |    0 |    24 |  0.00 |    0 |    24 |  0.00 |
| X3Y1              |    0 |    24 |  0.00 |    0 |    24 |  0.00 |    0 |    24 |  0.00 |    0 |    24 |  0.00 |
| X0Y2              |    0 |    24 |  0.00 |    0 |    24 |  0.00 |    0 |    24 |  0.00 |    0 |    24 |  0.00 |
| X1Y2              |    0 |    24 |  0.00 |    1 |    24 |  4.17 |    1 |    24 |  4.17 |    1 |    24 |  4.17 |
| X2Y2              |    0 |    24 |  0.00 |    1 |    24 |  4.17 |    0 |    24 |  0.00 |    0 |    24 |  0.00 |
| X3Y2              |    0 |    24 |  0.00 |    0 |    24 |  0.00 |    0 |    24 |  0.00 |    0 |    24 |  0.00 |
| X0Y3              |    0 |    24 |  0.00 |    0 |    24 |  0.00 |    0 |    24 |  0.00 |    0 |    24 |  0.00 |
| X1Y3              |    1 |    24 |  4.17 |    1 |    24 |  4.17 |    1 |    24 |  4.17 |    0 |    24 |  0.00 |
| X2Y3              |    1 |    24 |  4.17 |    1 |    24 |  4.17 |    0 |    24 |  0.00 |    0 |    24 |  0.00 |
| X3Y3              |    0 |    24 |  0.00 |    0 |    24 |  0.00 |    0 |    24 |  0.00 |    0 |    24 |  0.00 |
| X0Y4              |    0 |    24 |  0.00 |    0 |    24 |  0.00 |    0 |    24 |  0.00 |    0 |    24 |  0.00 |
| X1Y4              |    0 |    24 |  0.00 |    0 |    24 |  0.00 |    0 |    24 |  0.00 |    0 |    24 |  0.00 |
| X2Y4              |    0 |    24 |  0.00 |    0 |    24 |  0.00 |    0 |    24 |  0.00 |    0 |    24 |  0.00 |
| X3Y4              |    0 |    24 |  0.00 |    0 |    24 |  0.00 |    0 |    24 |  0.00 |    0 |    24 |  0.00 |
+-------------------+------+-------+-------+------+-------+-------+------+-------+-------+------+-------+-------+


8. Device Cell Placement Summary for Global Clock g0
----------------------------------------------------

+-----------+-----------------+-------------------+-----------+-------------+----------------+----------+-------------+----------+----------------+----------+---------------+
| Global Id | Driver Type/Pin | Driver Region (D) | Clock     | Period (ns) | Waveform (ns)  | Root (R) | Slice Loads | IO Loads | Clocking Loads | GT Loads | Net           |
+-----------+-----------------+-------------------+-----------+-------------+----------------+----------+-------------+----------+----------------+----------+---------------+
| g0        | BUFGCE/O        | X2Y3              | clk_pin_p |      50.000 | {0.000 25.000} | X1Y2     |         322 |        0 |              0 |        0 | clk_IBUF_BUFG |
+-----------+-----------------+-------------------+-----------+-------------+----------------+----------+-------------+----------+----------------+----------+---------------+
* Logic Loads column represents load cell count of all cell types other than IO, GT and clock resources
** IO Loads column represents load cell count of IO types
*** Clocking Loads column represents load cell count that are clock resources (global clock buffer, MMCM, PLL, etc)
**** GT Loads column represents load cell count of GT types


+----+----+-------+--------+----+
|    | X0 | X1    | X2     | X3 |
+----+----+-------+--------+----+
| Y4 |  0 |     0 |      0 |  0 |
| Y3 |  0 |     0 |  (D) 2 |  0 |
| Y2 |  0 | (R) 0 |     32 |  0 |
| Y1 |  0 |    15 |    273 |  0 |
| Y0 |  0 |     0 |      0 |  0 |
+----+----+-------+--------+----+


9. Clock Region Cell Placement per Global Clock: Region X1Y1
------------------------------------------------------------

+-----------+-------+-----------------+------------+-------------+-----------------+----+--------+------+-----+----+------+-----+---------+---------------+
| Global Id | Track | Driver Type/Pin | Constraint | Clock Loads | Non-Clock Loads | FF | LUTRAM | RAMB | DSP | GT | MMCM | PLL | Hard IP | Net           |
+-----------+-------+-----------------+------------+-------------+-----------------+----+--------+------+-----+----+------+-----+---------+---------------+
| g0        | 2     | BUFGCE/O        | None       |          15 |               0 | 15 |      0 |    0 |   0 |  0 |    0 |   0 |       0 | clk_IBUF_BUFG |
+-----------+-------+-----------------+------------+-------------+-----------------+----+--------+------+-----+----+------+-----+---------+---------------+
* Clock Loads column represents the clock pin loads (pin count)
** Non-Clock Loads column represents the non-clock pin loads (pin count)
*** Columns FF, LUTRAM, RAMB through 'Hard IP' represents load cell counts


10. Clock Region Cell Placement per Global Clock: Region X2Y1
-------------------------------------------------------------

+-----------+-------+-----------------+------------+-------------+-----------------+-----+--------+------+-----+----+------+-----+---------+---------------+
| Global Id | Track | Driver Type/Pin | Constraint | Clock Loads | Non-Clock Loads | FF  | LUTRAM | RAMB | DSP | GT | MMCM | PLL | Hard IP | Net           |
+-----------+-------+-----------------+------------+-------------+-----------------+-----+--------+------+-----+----+------+-----+---------+---------------+
| g0        | 2     | BUFGCE/O        | None       |         273 |               0 | 273 |      0 |    0 |   0 |  0 |    0 |   0 |       0 | clk_IBUF_BUFG |
+-----------+-------+-----------------+------------+-------------+-----------------+-----+--------+------+-----+----+------+-----+---------+---------------+
* Clock Loads column represents the clock pin loads (pin count)
** Non-Clock Loads column represents the non-clock pin loads (pin count)
*** Columns FF, LUTRAM, RAMB through 'Hard IP' represents load cell counts


11. Clock Region Cell Placement per Global Clock: Region X1Y2
-------------------------------------------------------------

+-----------+-------+-----------------+------------+-------------+-----------------+----+--------+------+-----+----+------+-----+---------+---------------+
| Global Id | Track | Driver Type/Pin | Constraint | Clock Loads | Non-Clock Loads | FF | LUTRAM | RAMB | DSP | GT | MMCM | PLL | Hard IP | Net           |
+-----------+-------+-----------------+------------+-------------+-----------------+----+--------+------+-----+----+------+-----+---------+---------------+
| g0+       | 2     | BUFGCE/O        | None       |           0 |               0 |  0 |      0 |    0 |   0 |  0 |    0 |   0 |       0 | clk_IBUF_BUFG |
+-----------+-------+-----------------+------------+-------------+-----------------+----+--------+------+-----+----+------+-----+---------+---------------+
* Clock Loads column represents the clock pin loads (pin count)
** Non-Clock Loads column represents the non-clock pin loads (pin count)
*** Columns FF, LUTRAM, RAMB through 'Hard IP' represents load cell counts
**** In Global Id column, sympbol '+' indicates that global clock was used only to route through the clock region.


12. Clock Region Cell Placement per Global Clock: Region X2Y2
-------------------------------------------------------------

+-----------+-------+-----------------+------------+-------------+-----------------+----+--------+------+-----+----+------+-----+---------+---------------+
| Global Id | Track | Driver Type/Pin | Constraint | Clock Loads | Non-Clock Loads | FF | LUTRAM | RAMB | DSP | GT | MMCM | PLL | Hard IP | Net           |
+-----------+-------+-----------------+------------+-------------+-----------------+----+--------+------+-----+----+------+-----+---------+---------------+
| g0        | 2     | BUFGCE/O        | None       |          32 |               0 | 32 |      0 |    0 |   0 |  0 |    0 |   0 |       0 | clk_IBUF_BUFG |
+-----------+-------+-----------------+------------+-------------+-----------------+----+--------+------+-----+----+------+-----+---------+---------------+
* Clock Loads column represents the clock pin loads (pin count)
** Non-Clock Loads column represents the non-clock pin loads (pin count)
*** Columns FF, LUTRAM, RAMB through 'Hard IP' represents load cell counts


13. Clock Region Cell Placement per Global Clock: Region X1Y3
-------------------------------------------------------------

+-----------+-------+-----------------+------------+-------------+-----------------+----+--------+------+-----+----+------+-----+---------+---------------+
| Global Id | Track | Driver Type/Pin | Constraint | Clock Loads | Non-Clock Loads | FF | LUTRAM | RAMB | DSP | GT | MMCM | PLL | Hard IP | Net           |
+-----------+-------+-----------------+------------+-------------+-----------------+----+--------+------+-----+----+------+-----+---------+---------------+
| g0+       | 2     | BUFGCE/O        | None       |           0 |               0 |  0 |      0 |    0 |   0 |  0 |    0 |   0 |       0 | clk_IBUF_BUFG |
+-----------+-------+-----------------+------------+-------------+-----------------+----+--------+------+-----+----+------+-----+---------+---------------+
* Clock Loads column represents the clock pin loads (pin count)
** Non-Clock Loads column represents the non-clock pin loads (pin count)
*** Columns FF, LUTRAM, RAMB through 'Hard IP' represents load cell counts
**** In Global Id column, sympbol '+' indicates that global clock was used only to route through the clock region.


14. Clock Region Cell Placement per Global Clock: Region X2Y3
-------------------------------------------------------------

+-----------+-------+-----------------+------------+-------------+-----------------+----+--------+------+-----+----+------+-----+---------+---------------+
| Global Id | Track | Driver Type/Pin | Constraint | Clock Loads | Non-Clock Loads | FF | LUTRAM | RAMB | DSP | GT | MMCM | PLL | Hard IP | Net           |
+-----------+-------+-----------------+------------+-------------+-----------------+----+--------+------+-----+----+------+-----+---------+---------------+
| g0        | 2     | BUFGCE/O        | None       |           2 |               0 |  2 |      0 |    0 |   0 |  0 |    0 |   0 |       0 | clk_IBUF_BUFG |
+-----------+-------+-----------------+------------+-------------+-----------------+----+--------+------+-----+----+------+-----+---------+---------------+
* Clock Loads column represents the clock pin loads (pin count)
** Non-Clock Loads column represents the non-clock pin loads (pin count)
*** Columns FF, LUTRAM, RAMB through 'Hard IP' represents load cell counts


