Copyright 1986-2017 Xilinx, Inc. All Rights Reserved.
-----------------------------------------------------------------------------------------------------------
| Tool Version : Vivado v.2017.2 (lin64) Build 1909853 Thu Jun 15 18:39:10 MDT 2017
| Date         : Thu Oct 12 20:46:06 2017
| Host         : localhost.localdomain running 64-bit unknown
| Command      : report_utilization -file fft_top_utilization_placed.rpt -pb fft_top_utilization_placed.pb
| Design       : fft_top
| Device       : xcku035ffva1156-3
| Design State : Fully Placed
-----------------------------------------------------------------------------------------------------------

Utilization Design Information

Table of Contents
-----------------
1. CLB Logic
1.1 Summary of Registers by Type
2. CLB Logic Distribution
3. BLOCKRAM
4. ARITHMETIC
5. I/O
6. CLOCK
7. ADVANCED
8. CONFIGURATION
9. Primitives
10. Black Boxes
11. Instantiated Netlists

1. CLB Logic
------------

+-------------------------+------+-------+-----------+-------+
|        Site Type        | Used | Fixed | Available | Util% |
+-------------------------+------+-------+-----------+-------+
| CLB LUTs                |  954 |     0 |    203128 |  0.47 |
|   LUT as Logic          |  954 |     0 |    203128 |  0.47 |
|   LUT as Memory         |    0 |     0 |    112800 |  0.00 |
| CLB Registers           |  322 |     0 |    406256 |  0.08 |
|   Register as Flip Flop |  322 |     0 |    406256 |  0.08 |
|   Register as Latch     |    0 |     0 |    406256 |  0.00 |
| CARRY8                  |  154 |     0 |     30300 |  0.51 |
| F7 Muxes                |    0 |     0 |    121200 |  0.00 |
| F8 Muxes                |    0 |     0 |     60600 |  0.00 |
| F9 Muxes                |    0 |     0 |     30300 |  0.00 |
+-------------------------+------+-------+-----------+-------+


1.1 Summary of Registers by Type
--------------------------------

+-------+--------------+-------------+--------------+
| Total | Clock Enable | Synchronous | Asynchronous |
+-------+--------------+-------------+--------------+
| 0     |            _ |           - |            - |
| 0     |            _ |           - |          Set |
| 0     |            _ |           - |        Reset |
| 0     |            _ |         Set |            - |
| 0     |            _ |       Reset |            - |
| 0     |          Yes |           - |            - |
| 0     |          Yes |           - |          Set |
| 1     |          Yes |           - |        Reset |
| 0     |          Yes |         Set |            - |
| 321   |          Yes |       Reset |            - |
+-------+--------------+-------------+--------------+


2. CLB Logic Distribution
-------------------------

+-------------------------------------------+------+-------+-----------+-------+
|                 Site Type                 | Used | Fixed | Available | Util% |
+-------------------------------------------+------+-------+-----------+-------+
| CLB                                       |  176 |     0 |     30300 |  0.58 |
|   CLBL                                    |   73 |     0 |           |       |
|   CLBM                                    |  103 |     0 |           |       |
| LUT as Logic                              |  954 |     0 |    203128 |  0.47 |
|   using O5 output only                    |    0 |       |           |       |
|   using O6 output only                    |  744 |       |           |       |
|   using O5 and O6                         |  210 |       |           |       |
| LUT as Memory                             |    0 |     0 |    112800 |  0.00 |
|   LUT as Distributed RAM                  |    0 |     0 |           |       |
|   LUT as Shift Register                   |    0 |     0 |           |       |
| LUT Flip Flop Pairs                       |  230 |     0 |    203128 |  0.11 |
|   fully used LUT-FF pairs                 |    0 |       |           |       |
|   LUT-FF pairs with one unused LUT output |  221 |       |           |       |
|   LUT-FF pairs with one unused Flip Flop  |  230 |       |           |       |
| Unique Control Sets                       |    3 |       |           |       |
+-------------------------------------------+------+-------+-----------+-------+
* Note: Review the Control Sets Report for more information regarding control sets.


3. BLOCKRAM
-----------

+----------------+------+-------+-----------+-------+
|    Site Type   | Used | Fixed | Available | Util% |
+----------------+------+-------+-----------+-------+
| Block RAM Tile |    0 |     0 |       540 |  0.00 |
|   RAMB36/FIFO* |    0 |     0 |       540 |  0.00 |
|   RAMB18       |    0 |     0 |      1080 |  0.00 |
+----------------+------+-------+-----------+-------+
* Note: Each Block RAM Tile only has one FIFO logic available and therefore can accommodate only one FIFO36E2 or one FIFO18E2. However, if a FIFO18E2 occupies a Block RAM Tile, that tile can still accommodate a RAMB18E2


4. ARITHMETIC
-------------

+----------------+------+-------+-----------+-------+
|    Site Type   | Used | Fixed | Available | Util% |
+----------------+------+-------+-----------+-------+
| DSPs           |   16 |     0 |      1700 |  0.94 |
|   DSP48E2 only |   16 |       |           |       |
+----------------+------+-------+-----------+-------+


5. I/O
------

+------------------+------+-------+-----------+-------+
|     Site Type    | Used | Fixed | Available | Util% |
+------------------+------+-------+-----------+-------+
| Bonded IOB       |  324 |     0 |       520 | 62.31 |
| HPIOB            |  228 |     0 |       416 | 54.81 |
|   INPUT          |   67 |       |           |       |
|   OUTPUT         |  161 |       |           |       |
|   BIDIR          |    0 |       |           |       |
| HRIO             |   96 |     0 |       104 | 92.31 |
|   INPUT          |    0 |       |           |       |
|   OUTPUT         |   96 |       |           |       |
|   BIDIR          |    0 |       |           |       |
| HPIOBDIFFINBUF   |    0 |     0 |       192 |  0.00 |
| HPIOBDIFFOUTBUF  |    0 |     0 |       192 |  0.00 |
| HRIODIFFINBUF    |    0 |     0 |        48 |  0.00 |
| HRIODIFFOUTBUF   |    0 |     0 |        48 |  0.00 |
| BITSLICE_CONTROL |    0 |     0 |        80 |  0.00 |
| BITSLICE_RX_TX   |    0 |     0 |       520 |  0.00 |
| BITSLICE_TX      |    0 |     0 |        80 |  0.00 |
| RIU_OR           |    0 |     0 |        40 |  0.00 |
+------------------+------+-------+-----------+-------+


6. CLOCK
--------

+----------------------+------+-------+-----------+-------+
|       Site Type      | Used | Fixed | Available | Util% |
+----------------------+------+-------+-----------+-------+
| GLOBAL CLOCK BUFFERs |    1 |     0 |       480 |  0.21 |
|   BUFGCE             |    1 |     0 |       240 |  0.42 |
|   BUFGCE_DIV         |    0 |     0 |        40 |  0.00 |
|   BUFG_GT            |    0 |     0 |       120 |  0.00 |
|   BUFGCTRL*          |    0 |     0 |        80 |  0.00 |
| PLLE3_ADV            |    0 |     0 |        20 |  0.00 |
| MMCME3_ADV           |    0 |     0 |        10 |  0.00 |
+----------------------+------+-------+-----------+-------+
* Note: Each used BUFGCTRL counts as two global buffer resources. This table does not include global clocking resources, only buffer cell usage. See the Clock Utilization Report (report_clock_utilization) for detailed accounting of global clocking resource availability.


7. ADVANCED
-----------

+-----------------+------+-------+-----------+-------+
|    Site Type    | Used | Fixed | Available | Util% |
+-----------------+------+-------+-----------+-------+
| GTHE3_CHANNEL   |    0 |     0 |        16 |  0.00 |
| GTHE3_COMMON    |    0 |     0 |         4 |  0.00 |
| IBUFDS_GTE3     |    0 |     0 |         8 |  0.00 |
| OBUFDS_GTE3     |    0 |     0 |         8 |  0.00 |
| OBUFDS_GTE3_ADV |    0 |     0 |         8 |  0.00 |
| PCIE_3_1        |    0 |     0 |         2 |  0.00 |
| SYSMONE1        |    0 |     0 |         1 |  0.00 |
+-----------------+------+-------+-----------+-------+


8. CONFIGURATION
----------------

+-------------+------+-------+-----------+-------+
|  Site Type  | Used | Fixed | Available | Util% |
+-------------+------+-------+-----------+-------+
| BSCANE2     |    0 |     0 |         4 |  0.00 |
| DNA_PORTE2  |    0 |     0 |         1 |  0.00 |
| EFUSE_USR   |    0 |     0 |         1 |  0.00 |
| FRAME_ECCE3 |    0 |     0 |         1 |  0.00 |
| ICAPE3      |    0 |     0 |         2 |  0.00 |
| MASTER_JTAG |    0 |     0 |         1 |  0.00 |
| STARTUPE3   |    0 |     0 |         1 |  0.00 |
+-------------+------+-------+-----------+-------+


9. Primitives
-------------

+----------+------+---------------------+
| Ref Name | Used | Functional Category |
+----------+------+---------------------+
| LUT2     |  715 |                 CLB |
| FDRE     |  321 |            Register |
| OBUF     |  257 |                 I/O |
| LUT3     |  208 |                 CLB |
| CARRY8   |  154 |                 CLB |
| LUT1     |  113 |                 CLB |
| LUT4     |   94 |                 CLB |
| INBUF    |   67 |                 I/O |
| IBUFCTRL |   67 |              Others |
| LUT5     |   22 |                 CLB |
| DSP48E2  |   16 |          Arithmetic |
| LUT6     |   12 |                 CLB |
| FDCE     |    1 |            Register |
| BUFGCE   |    1 |               Clock |
+----------+------+---------------------+


10. Black Boxes
---------------

+----------+------+
| Ref Name | Used |
+----------+------+


11. Instantiated Netlists
-------------------------

+----------+------+
| Ref Name | Used |
+----------+------+


