Copyright 1986-2017 Xilinx, Inc. All Rights Reserved.
---------------------------------------------------------------------------------------------------------------------
| Tool Version : Vivado v.2017.2 (lin64) Build 1909853 Thu Jun 15 18:39:10 MDT 2017
| Date         : Thu Oct 12 20:47:32 2017
| Host         : localhost.localdomain running 64-bit unknown
| Command      : report_methodology -file fft_top_methodology_drc_routed.rpt -rpx fft_top_methodology_drc_routed.rpx
| Design       : fft_top
| Device       : xcku035-ffva1156-3-e
| Speed File   : -3
| Design State : Routed
---------------------------------------------------------------------------------------------------------------------

Report Methodology

Table of Contents
-----------------
1. REPORT SUMMARY
2. REPORT DETAILS

1. REPORT SUMMARY
-----------------
            Netlist: netlist
          Floorplan: design_1
      Design limits: <entire design considered>
             Max violations: <unlimited>
             Violations found: 339
+-----------+----------+-------------------------------+------------+
| Rule      | Severity | Description                   | Violations |
+-----------+----------+-------------------------------+------------+
| SYNTH-13  | Warning  | combinational multiplier      | 16         |
| TIMING-18 | Warning  | Missing input or output delay | 323        |
+-----------+----------+-------------------------------+------------+

2. REPORT DETAILS
-----------------
SYNTH-13#1 Warning
combinational multiplier  
Detected combinational multiplier in DSP instance Stage3/mult_add_block_04/Mult_stage/ARG.
Related violations: <none>

SYNTH-13#2 Warning
combinational multiplier  
Detected combinational multiplier in DSP instance Stage3/mult_add_block_04/Mult_stage/ARG__0.
Related violations: <none>

SYNTH-13#3 Warning
combinational multiplier  
Detected combinational multiplier in DSP instance Stage3/mult_add_block_04/Mult_stage/res_imag.
Related violations: <none>

SYNTH-13#4 Warning
combinational multiplier  
Detected combinational multiplier in DSP instance Stage3/mult_add_block_04/Mult_stage/res_real.
Related violations: <none>

SYNTH-13#5 Warning
combinational multiplier  
Detected combinational multiplier in DSP instance Stage3/mult_add_block_15/Mult_stage/ARG.
Related violations: <none>

SYNTH-13#6 Warning
combinational multiplier  
Detected combinational multiplier in DSP instance Stage3/mult_add_block_15/Mult_stage/ARG__0.
Related violations: <none>

SYNTH-13#7 Warning
combinational multiplier  
Detected combinational multiplier in DSP instance Stage3/mult_add_block_15/Mult_stage/res_imag.
Related violations: <none>

SYNTH-13#8 Warning
combinational multiplier  
Detected combinational multiplier in DSP instance Stage3/mult_add_block_15/Mult_stage/res_real.
Related violations: <none>

SYNTH-13#9 Warning
combinational multiplier  
Detected combinational multiplier in DSP instance Stage3/mult_add_block_26/Mult_stage/ARG.
Related violations: <none>

SYNTH-13#10 Warning
combinational multiplier  
Detected combinational multiplier in DSP instance Stage3/mult_add_block_26/Mult_stage/ARG__0.
Related violations: <none>

SYNTH-13#11 Warning
combinational multiplier  
Detected combinational multiplier in DSP instance Stage3/mult_add_block_26/Mult_stage/res_imag.
Related violations: <none>

SYNTH-13#12 Warning
combinational multiplier  
Detected combinational multiplier in DSP instance Stage3/mult_add_block_26/Mult_stage/res_real.
Related violations: <none>

SYNTH-13#13 Warning
combinational multiplier  
Detected combinational multiplier in DSP instance Stage3/mult_add_block_37/Mult_stage/ARG.
Related violations: <none>

SYNTH-13#14 Warning
combinational multiplier  
Detected combinational multiplier in DSP instance Stage3/mult_add_block_37/Mult_stage/ARG__0.
Related violations: <none>

SYNTH-13#15 Warning
combinational multiplier  
Detected combinational multiplier in DSP instance Stage3/mult_add_block_37/Mult_stage/res_imag.
Related violations: <none>

SYNTH-13#16 Warning
combinational multiplier  
Detected combinational multiplier in DSP instance Stage3/mult_add_block_37/Mult_stage/res_real.
Related violations: <none>

TIMING-18#1 Warning
Missing input or output delay  
An input delay is missing on data_input[0][0] relative to clock(s) clk_pin_p 
Related violations: <none>

TIMING-18#2 Warning
Missing input or output delay  
An input delay is missing on data_input[0][1] relative to clock(s) clk_pin_p 
Related violations: <none>

TIMING-18#3 Warning
Missing input or output delay  
An input delay is missing on data_input[0][2] relative to clock(s) clk_pin_p 
Related violations: <none>

TIMING-18#4 Warning
Missing input or output delay  
An input delay is missing on data_input[0][3] relative to clock(s) clk_pin_p 
Related violations: <none>

TIMING-18#5 Warning
Missing input or output delay  
An input delay is missing on data_input[0][4] relative to clock(s) clk_pin_p 
Related violations: <none>

TIMING-18#6 Warning
Missing input or output delay  
An input delay is missing on data_input[0][5] relative to clock(s) clk_pin_p 
Related violations: <none>

TIMING-18#7 Warning
Missing input or output delay  
An input delay is missing on data_input[0][6] relative to clock(s) clk_pin_p 
Related violations: <none>

TIMING-18#8 Warning
Missing input or output delay  
An input delay is missing on data_input[0][7] relative to clock(s) clk_pin_p 
Related violations: <none>

TIMING-18#9 Warning
Missing input or output delay  
An input delay is missing on data_input[1][0] relative to clock(s) clk_pin_p 
Related violations: <none>

TIMING-18#10 Warning
Missing input or output delay  
An input delay is missing on data_input[1][1] relative to clock(s) clk_pin_p 
Related violations: <none>

TIMING-18#11 Warning
Missing input or output delay  
An input delay is missing on data_input[1][2] relative to clock(s) clk_pin_p 
Related violations: <none>

TIMING-18#12 Warning
Missing input or output delay  
An input delay is missing on data_input[1][3] relative to clock(s) clk_pin_p 
Related violations: <none>

TIMING-18#13 Warning
Missing input or output delay  
An input delay is missing on data_input[1][4] relative to clock(s) clk_pin_p 
Related violations: <none>

TIMING-18#14 Warning
Missing input or output delay  
An input delay is missing on data_input[1][5] relative to clock(s) clk_pin_p 
Related violations: <none>

TIMING-18#15 Warning
Missing input or output delay  
An input delay is missing on data_input[1][6] relative to clock(s) clk_pin_p 
Related violations: <none>

TIMING-18#16 Warning
Missing input or output delay  
An input delay is missing on data_input[1][7] relative to clock(s) clk_pin_p 
Related violations: <none>

TIMING-18#17 Warning
Missing input or output delay  
An input delay is missing on data_input[2][0] relative to clock(s) clk_pin_p 
Related violations: <none>

TIMING-18#18 Warning
Missing input or output delay  
An input delay is missing on data_input[2][1] relative to clock(s) clk_pin_p 
Related violations: <none>

TIMING-18#19 Warning
Missing input or output delay  
An input delay is missing on data_input[2][2] relative to clock(s) clk_pin_p 
Related violations: <none>

TIMING-18#20 Warning
Missing input or output delay  
An input delay is missing on data_input[2][3] relative to clock(s) clk_pin_p 
Related violations: <none>

TIMING-18#21 Warning
Missing input or output delay  
An input delay is missing on data_input[2][4] relative to clock(s) clk_pin_p 
Related violations: <none>

TIMING-18#22 Warning
Missing input or output delay  
An input delay is missing on data_input[2][5] relative to clock(s) clk_pin_p 
Related violations: <none>

TIMING-18#23 Warning
Missing input or output delay  
An input delay is missing on data_input[2][6] relative to clock(s) clk_pin_p 
Related violations: <none>

TIMING-18#24 Warning
Missing input or output delay  
An input delay is missing on data_input[2][7] relative to clock(s) clk_pin_p 
Related violations: <none>

TIMING-18#25 Warning
Missing input or output delay  
An input delay is missing on data_input[3][0] relative to clock(s) clk_pin_p 
Related violations: <none>

TIMING-18#26 Warning
Missing input or output delay  
An input delay is missing on data_input[3][1] relative to clock(s) clk_pin_p 
Related violations: <none>

TIMING-18#27 Warning
Missing input or output delay  
An input delay is missing on data_input[3][2] relative to clock(s) clk_pin_p 
Related violations: <none>

TIMING-18#28 Warning
Missing input or output delay  
An input delay is missing on data_input[3][3] relative to clock(s) clk_pin_p 
Related violations: <none>

TIMING-18#29 Warning
Missing input or output delay  
An input delay is missing on data_input[3][4] relative to clock(s) clk_pin_p 
Related violations: <none>

TIMING-18#30 Warning
Missing input or output delay  
An input delay is missing on data_input[3][5] relative to clock(s) clk_pin_p 
Related violations: <none>

TIMING-18#31 Warning
Missing input or output delay  
An input delay is missing on data_input[3][6] relative to clock(s) clk_pin_p 
Related violations: <none>

TIMING-18#32 Warning
Missing input or output delay  
An input delay is missing on data_input[3][7] relative to clock(s) clk_pin_p 
Related violations: <none>

TIMING-18#33 Warning
Missing input or output delay  
An input delay is missing on data_input[4][0] relative to clock(s) clk_pin_p 
Related violations: <none>

TIMING-18#34 Warning
Missing input or output delay  
An input delay is missing on data_input[4][1] relative to clock(s) clk_pin_p 
Related violations: <none>

TIMING-18#35 Warning
Missing input or output delay  
An input delay is missing on data_input[4][2] relative to clock(s) clk_pin_p 
Related violations: <none>

TIMING-18#36 Warning
Missing input or output delay  
An input delay is missing on data_input[4][3] relative to clock(s) clk_pin_p 
Related violations: <none>

TIMING-18#37 Warning
Missing input or output delay  
An input delay is missing on data_input[4][4] relative to clock(s) clk_pin_p 
Related violations: <none>

TIMING-18#38 Warning
Missing input or output delay  
An input delay is missing on data_input[4][5] relative to clock(s) clk_pin_p 
Related violations: <none>

TIMING-18#39 Warning
Missing input or output delay  
An input delay is missing on data_input[4][6] relative to clock(s) clk_pin_p 
Related violations: <none>

TIMING-18#40 Warning
Missing input or output delay  
An input delay is missing on data_input[4][7] relative to clock(s) clk_pin_p 
Related violations: <none>

TIMING-18#41 Warning
Missing input or output delay  
An input delay is missing on data_input[5][0] relative to clock(s) clk_pin_p 
Related violations: <none>

TIMING-18#42 Warning
Missing input or output delay  
An input delay is missing on data_input[5][1] relative to clock(s) clk_pin_p 
Related violations: <none>

TIMING-18#43 Warning
Missing input or output delay  
An input delay is missing on data_input[5][2] relative to clock(s) clk_pin_p 
Related violations: <none>

TIMING-18#44 Warning
Missing input or output delay  
An input delay is missing on data_input[5][3] relative to clock(s) clk_pin_p 
Related violations: <none>

TIMING-18#45 Warning
Missing input or output delay  
An input delay is missing on data_input[5][4] relative to clock(s) clk_pin_p 
Related violations: <none>

TIMING-18#46 Warning
Missing input or output delay  
An input delay is missing on data_input[5][5] relative to clock(s) clk_pin_p 
Related violations: <none>

TIMING-18#47 Warning
Missing input or output delay  
An input delay is missing on data_input[5][6] relative to clock(s) clk_pin_p 
Related violations: <none>

TIMING-18#48 Warning
Missing input or output delay  
An input delay is missing on data_input[5][7] relative to clock(s) clk_pin_p 
Related violations: <none>

TIMING-18#49 Warning
Missing input or output delay  
An input delay is missing on data_input[6][0] relative to clock(s) clk_pin_p 
Related violations: <none>

TIMING-18#50 Warning
Missing input or output delay  
An input delay is missing on data_input[6][1] relative to clock(s) clk_pin_p 
Related violations: <none>

TIMING-18#51 Warning
Missing input or output delay  
An input delay is missing on data_input[6][2] relative to clock(s) clk_pin_p 
Related violations: <none>

TIMING-18#52 Warning
Missing input or output delay  
An input delay is missing on data_input[6][3] relative to clock(s) clk_pin_p 
Related violations: <none>

TIMING-18#53 Warning
Missing input or output delay  
An input delay is missing on data_input[6][4] relative to clock(s) clk_pin_p 
Related violations: <none>

TIMING-18#54 Warning
Missing input or output delay  
An input delay is missing on data_input[6][5] relative to clock(s) clk_pin_p 
Related violations: <none>

TIMING-18#55 Warning
Missing input or output delay  
An input delay is missing on data_input[6][6] relative to clock(s) clk_pin_p 
Related violations: <none>

TIMING-18#56 Warning
Missing input or output delay  
An input delay is missing on data_input[6][7] relative to clock(s) clk_pin_p 
Related violations: <none>

TIMING-18#57 Warning
Missing input or output delay  
An input delay is missing on data_input[7][0] relative to clock(s) clk_pin_p 
Related violations: <none>

TIMING-18#58 Warning
Missing input or output delay  
An input delay is missing on data_input[7][1] relative to clock(s) clk_pin_p 
Related violations: <none>

TIMING-18#59 Warning
Missing input or output delay  
An input delay is missing on data_input[7][2] relative to clock(s) clk_pin_p 
Related violations: <none>

TIMING-18#60 Warning
Missing input or output delay  
An input delay is missing on data_input[7][3] relative to clock(s) clk_pin_p 
Related violations: <none>

TIMING-18#61 Warning
Missing input or output delay  
An input delay is missing on data_input[7][4] relative to clock(s) clk_pin_p 
Related violations: <none>

TIMING-18#62 Warning
Missing input or output delay  
An input delay is missing on data_input[7][5] relative to clock(s) clk_pin_p 
Related violations: <none>

TIMING-18#63 Warning
Missing input or output delay  
An input delay is missing on data_input[7][6] relative to clock(s) clk_pin_p 
Related violations: <none>

TIMING-18#64 Warning
Missing input or output delay  
An input delay is missing on data_input[7][7] relative to clock(s) clk_pin_p 
Related violations: <none>

TIMING-18#65 Warning
Missing input or output delay  
An input delay is missing on en_in relative to clock(s) clk_pin_p 
Related violations: <none>

TIMING-18#66 Warning
Missing input or output delay  
An input delay is missing on rst_n relative to clock(s) clk_pin_p 
Related violations: <none>

TIMING-18#67 Warning
Missing input or output delay  
An output delay is missing on data_output_imag[0][0] relative to clock(s) clk_pin_p 
Related violations: <none>

TIMING-18#68 Warning
Missing input or output delay  
An output delay is missing on data_output_imag[0][10] relative to clock(s) clk_pin_p 
Related violations: <none>

TIMING-18#69 Warning
Missing input or output delay  
An output delay is missing on data_output_imag[0][11] relative to clock(s) clk_pin_p 
Related violations: <none>

TIMING-18#70 Warning
Missing input or output delay  
An output delay is missing on data_output_imag[0][12] relative to clock(s) clk_pin_p 
Related violations: <none>

TIMING-18#71 Warning
Missing input or output delay  
An output delay is missing on data_output_imag[0][13] relative to clock(s) clk_pin_p 
Related violations: <none>

TIMING-18#72 Warning
Missing input or output delay  
An output delay is missing on data_output_imag[0][14] relative to clock(s) clk_pin_p 
Related violations: <none>

TIMING-18#73 Warning
Missing input or output delay  
An output delay is missing on data_output_imag[0][15] relative to clock(s) clk_pin_p 
Related violations: <none>

TIMING-18#74 Warning
Missing input or output delay  
An output delay is missing on data_output_imag[0][1] relative to clock(s) clk_pin_p 
Related violations: <none>

TIMING-18#75 Warning
Missing input or output delay  
An output delay is missing on data_output_imag[0][2] relative to clock(s) clk_pin_p 
Related violations: <none>

TIMING-18#76 Warning
Missing input or output delay  
An output delay is missing on data_output_imag[0][3] relative to clock(s) clk_pin_p 
Related violations: <none>

TIMING-18#77 Warning
Missing input or output delay  
An output delay is missing on data_output_imag[0][4] relative to clock(s) clk_pin_p 
Related violations: <none>

TIMING-18#78 Warning
Missing input or output delay  
An output delay is missing on data_output_imag[0][5] relative to clock(s) clk_pin_p 
Related violations: <none>

TIMING-18#79 Warning
Missing input or output delay  
An output delay is missing on data_output_imag[0][6] relative to clock(s) clk_pin_p 
Related violations: <none>

TIMING-18#80 Warning
Missing input or output delay  
An output delay is missing on data_output_imag[0][7] relative to clock(s) clk_pin_p 
Related violations: <none>

TIMING-18#81 Warning
Missing input or output delay  
An output delay is missing on data_output_imag[0][8] relative to clock(s) clk_pin_p 
Related violations: <none>

TIMING-18#82 Warning
Missing input or output delay  
An output delay is missing on data_output_imag[0][9] relative to clock(s) clk_pin_p 
Related violations: <none>

TIMING-18#83 Warning
Missing input or output delay  
An output delay is missing on data_output_imag[1][0] relative to clock(s) clk_pin_p 
Related violations: <none>

TIMING-18#84 Warning
Missing input or output delay  
An output delay is missing on data_output_imag[1][10] relative to clock(s) clk_pin_p 
Related violations: <none>

TIMING-18#85 Warning
Missing input or output delay  
An output delay is missing on data_output_imag[1][11] relative to clock(s) clk_pin_p 
Related violations: <none>

TIMING-18#86 Warning
Missing input or output delay  
An output delay is missing on data_output_imag[1][12] relative to clock(s) clk_pin_p 
Related violations: <none>

TIMING-18#87 Warning
Missing input or output delay  
An output delay is missing on data_output_imag[1][13] relative to clock(s) clk_pin_p 
Related violations: <none>

TIMING-18#88 Warning
Missing input or output delay  
An output delay is missing on data_output_imag[1][14] relative to clock(s) clk_pin_p 
Related violations: <none>

TIMING-18#89 Warning
Missing input or output delay  
An output delay is missing on data_output_imag[1][15] relative to clock(s) clk_pin_p 
Related violations: <none>

TIMING-18#90 Warning
Missing input or output delay  
An output delay is missing on data_output_imag[1][1] relative to clock(s) clk_pin_p 
Related violations: <none>

TIMING-18#91 Warning
Missing input or output delay  
An output delay is missing on data_output_imag[1][2] relative to clock(s) clk_pin_p 
Related violations: <none>

TIMING-18#92 Warning
Missing input or output delay  
An output delay is missing on data_output_imag[1][3] relative to clock(s) clk_pin_p 
Related violations: <none>

TIMING-18#93 Warning
Missing input or output delay  
An output delay is missing on data_output_imag[1][4] relative to clock(s) clk_pin_p 
Related violations: <none>

TIMING-18#94 Warning
Missing input or output delay  
An output delay is missing on data_output_imag[1][5] relative to clock(s) clk_pin_p 
Related violations: <none>

TIMING-18#95 Warning
Missing input or output delay  
An output delay is missing on data_output_imag[1][6] relative to clock(s) clk_pin_p 
Related violations: <none>

TIMING-18#96 Warning
Missing input or output delay  
An output delay is missing on data_output_imag[1][7] relative to clock(s) clk_pin_p 
Related violations: <none>

TIMING-18#97 Warning
Missing input or output delay  
An output delay is missing on data_output_imag[1][8] relative to clock(s) clk_pin_p 
Related violations: <none>

TIMING-18#98 Warning
Missing input or output delay  
An output delay is missing on data_output_imag[1][9] relative to clock(s) clk_pin_p 
Related violations: <none>

TIMING-18#99 Warning
Missing input or output delay  
An output delay is missing on data_output_imag[2][0] relative to clock(s) clk_pin_p 
Related violations: <none>

TIMING-18#100 Warning
Missing input or output delay  
An output delay is missing on data_output_imag[2][10] relative to clock(s) clk_pin_p 
Related violations: <none>

TIMING-18#101 Warning
Missing input or output delay  
An output delay is missing on data_output_imag[2][11] relative to clock(s) clk_pin_p 
Related violations: <none>

TIMING-18#102 Warning
Missing input or output delay  
An output delay is missing on data_output_imag[2][12] relative to clock(s) clk_pin_p 
Related violations: <none>

TIMING-18#103 Warning
Missing input or output delay  
An output delay is missing on data_output_imag[2][13] relative to clock(s) clk_pin_p 
Related violations: <none>

TIMING-18#104 Warning
Missing input or output delay  
An output delay is missing on data_output_imag[2][14] relative to clock(s) clk_pin_p 
Related violations: <none>

TIMING-18#105 Warning
Missing input or output delay  
An output delay is missing on data_output_imag[2][15] relative to clock(s) clk_pin_p 
Related violations: <none>

TIMING-18#106 Warning
Missing input or output delay  
An output delay is missing on data_output_imag[2][1] relative to clock(s) clk_pin_p 
Related violations: <none>

TIMING-18#107 Warning
Missing input or output delay  
An output delay is missing on data_output_imag[2][2] relative to clock(s) clk_pin_p 
Related violations: <none>

TIMING-18#108 Warning
Missing input or output delay  
An output delay is missing on data_output_imag[2][3] relative to clock(s) clk_pin_p 
Related violations: <none>

TIMING-18#109 Warning
Missing input or output delay  
An output delay is missing on data_output_imag[2][4] relative to clock(s) clk_pin_p 
Related violations: <none>

TIMING-18#110 Warning
Missing input or output delay  
An output delay is missing on data_output_imag[2][5] relative to clock(s) clk_pin_p 
Related violations: <none>

TIMING-18#111 Warning
Missing input or output delay  
An output delay is missing on data_output_imag[2][6] relative to clock(s) clk_pin_p 
Related violations: <none>

TIMING-18#112 Warning
Missing input or output delay  
An output delay is missing on data_output_imag[2][7] relative to clock(s) clk_pin_p 
Related violations: <none>

TIMING-18#113 Warning
Missing input or output delay  
An output delay is missing on data_output_imag[2][8] relative to clock(s) clk_pin_p 
Related violations: <none>

TIMING-18#114 Warning
Missing input or output delay  
An output delay is missing on data_output_imag[2][9] relative to clock(s) clk_pin_p 
Related violations: <none>

TIMING-18#115 Warning
Missing input or output delay  
An output delay is missing on data_output_imag[3][0] relative to clock(s) clk_pin_p 
Related violations: <none>

TIMING-18#116 Warning
Missing input or output delay  
An output delay is missing on data_output_imag[3][10] relative to clock(s) clk_pin_p 
Related violations: <none>

TIMING-18#117 Warning
Missing input or output delay  
An output delay is missing on data_output_imag[3][11] relative to clock(s) clk_pin_p 
Related violations: <none>

TIMING-18#118 Warning
Missing input or output delay  
An output delay is missing on data_output_imag[3][12] relative to clock(s) clk_pin_p 
Related violations: <none>

TIMING-18#119 Warning
Missing input or output delay  
An output delay is missing on data_output_imag[3][13] relative to clock(s) clk_pin_p 
Related violations: <none>

TIMING-18#120 Warning
Missing input or output delay  
An output delay is missing on data_output_imag[3][14] relative to clock(s) clk_pin_p 
Related violations: <none>

TIMING-18#121 Warning
Missing input or output delay  
An output delay is missing on data_output_imag[3][15] relative to clock(s) clk_pin_p 
Related violations: <none>

TIMING-18#122 Warning
Missing input or output delay  
An output delay is missing on data_output_imag[3][1] relative to clock(s) clk_pin_p 
Related violations: <none>

TIMING-18#123 Warning
Missing input or output delay  
An output delay is missing on data_output_imag[3][2] relative to clock(s) clk_pin_p 
Related violations: <none>

TIMING-18#124 Warning
Missing input or output delay  
An output delay is missing on data_output_imag[3][3] relative to clock(s) clk_pin_p 
Related violations: <none>

TIMING-18#125 Warning
Missing input or output delay  
An output delay is missing on data_output_imag[3][4] relative to clock(s) clk_pin_p 
Related violations: <none>

TIMING-18#126 Warning
Missing input or output delay  
An output delay is missing on data_output_imag[3][5] relative to clock(s) clk_pin_p 
Related violations: <none>

TIMING-18#127 Warning
Missing input or output delay  
An output delay is missing on data_output_imag[3][6] relative to clock(s) clk_pin_p 
Related violations: <none>

TIMING-18#128 Warning
Missing input or output delay  
An output delay is missing on data_output_imag[3][7] relative to clock(s) clk_pin_p 
Related violations: <none>

TIMING-18#129 Warning
Missing input or output delay  
An output delay is missing on data_output_imag[3][8] relative to clock(s) clk_pin_p 
Related violations: <none>

TIMING-18#130 Warning
Missing input or output delay  
An output delay is missing on data_output_imag[3][9] relative to clock(s) clk_pin_p 
Related violations: <none>

TIMING-18#131 Warning
Missing input or output delay  
An output delay is missing on data_output_imag[4][0] relative to clock(s) clk_pin_p 
Related violations: <none>

TIMING-18#132 Warning
Missing input or output delay  
An output delay is missing on data_output_imag[4][10] relative to clock(s) clk_pin_p 
Related violations: <none>

TIMING-18#133 Warning
Missing input or output delay  
An output delay is missing on data_output_imag[4][11] relative to clock(s) clk_pin_p 
Related violations: <none>

TIMING-18#134 Warning
Missing input or output delay  
An output delay is missing on data_output_imag[4][12] relative to clock(s) clk_pin_p 
Related violations: <none>

TIMING-18#135 Warning
Missing input or output delay  
An output delay is missing on data_output_imag[4][13] relative to clock(s) clk_pin_p 
Related violations: <none>

TIMING-18#136 Warning
Missing input or output delay  
An output delay is missing on data_output_imag[4][14] relative to clock(s) clk_pin_p 
Related violations: <none>

TIMING-18#137 Warning
Missing input or output delay  
An output delay is missing on data_output_imag[4][15] relative to clock(s) clk_pin_p 
Related violations: <none>

TIMING-18#138 Warning
Missing input or output delay  
An output delay is missing on data_output_imag[4][1] relative to clock(s) clk_pin_p 
Related violations: <none>

TIMING-18#139 Warning
Missing input or output delay  
An output delay is missing on data_output_imag[4][2] relative to clock(s) clk_pin_p 
Related violations: <none>

TIMING-18#140 Warning
Missing input or output delay  
An output delay is missing on data_output_imag[4][3] relative to clock(s) clk_pin_p 
Related violations: <none>

TIMING-18#141 Warning
Missing input or output delay  
An output delay is missing on data_output_imag[4][4] relative to clock(s) clk_pin_p 
Related violations: <none>

TIMING-18#142 Warning
Missing input or output delay  
An output delay is missing on data_output_imag[4][5] relative to clock(s) clk_pin_p 
Related violations: <none>

TIMING-18#143 Warning
Missing input or output delay  
An output delay is missing on data_output_imag[4][6] relative to clock(s) clk_pin_p 
Related violations: <none>

TIMING-18#144 Warning
Missing input or output delay  
An output delay is missing on data_output_imag[4][7] relative to clock(s) clk_pin_p 
Related violations: <none>

TIMING-18#145 Warning
Missing input or output delay  
An output delay is missing on data_output_imag[4][8] relative to clock(s) clk_pin_p 
Related violations: <none>

TIMING-18#146 Warning
Missing input or output delay  
An output delay is missing on data_output_imag[4][9] relative to clock(s) clk_pin_p 
Related violations: <none>

TIMING-18#147 Warning
Missing input or output delay  
An output delay is missing on data_output_imag[5][0] relative to clock(s) clk_pin_p 
Related violations: <none>

TIMING-18#148 Warning
Missing input or output delay  
An output delay is missing on data_output_imag[5][10] relative to clock(s) clk_pin_p 
Related violations: <none>

TIMING-18#149 Warning
Missing input or output delay  
An output delay is missing on data_output_imag[5][11] relative to clock(s) clk_pin_p 
Related violations: <none>

TIMING-18#150 Warning
Missing input or output delay  
An output delay is missing on data_output_imag[5][12] relative to clock(s) clk_pin_p 
Related violations: <none>

TIMING-18#151 Warning
Missing input or output delay  
An output delay is missing on data_output_imag[5][13] relative to clock(s) clk_pin_p 
Related violations: <none>

TIMING-18#152 Warning
Missing input or output delay  
An output delay is missing on data_output_imag[5][14] relative to clock(s) clk_pin_p 
Related violations: <none>

TIMING-18#153 Warning
Missing input or output delay  
An output delay is missing on data_output_imag[5][15] relative to clock(s) clk_pin_p 
Related violations: <none>

TIMING-18#154 Warning
Missing input or output delay  
An output delay is missing on data_output_imag[5][1] relative to clock(s) clk_pin_p 
Related violations: <none>

TIMING-18#155 Warning
Missing input or output delay  
An output delay is missing on data_output_imag[5][2] relative to clock(s) clk_pin_p 
Related violations: <none>

TIMING-18#156 Warning
Missing input or output delay  
An output delay is missing on data_output_imag[5][3] relative to clock(s) clk_pin_p 
Related violations: <none>

TIMING-18#157 Warning
Missing input or output delay  
An output delay is missing on data_output_imag[5][4] relative to clock(s) clk_pin_p 
Related violations: <none>

TIMING-18#158 Warning
Missing input or output delay  
An output delay is missing on data_output_imag[5][5] relative to clock(s) clk_pin_p 
Related violations: <none>

TIMING-18#159 Warning
Missing input or output delay  
An output delay is missing on data_output_imag[5][6] relative to clock(s) clk_pin_p 
Related violations: <none>

TIMING-18#160 Warning
Missing input or output delay  
An output delay is missing on data_output_imag[5][7] relative to clock(s) clk_pin_p 
Related violations: <none>

TIMING-18#161 Warning
Missing input or output delay  
An output delay is missing on data_output_imag[5][8] relative to clock(s) clk_pin_p 
Related violations: <none>

TIMING-18#162 Warning
Missing input or output delay  
An output delay is missing on data_output_imag[5][9] relative to clock(s) clk_pin_p 
Related violations: <none>

TIMING-18#163 Warning
Missing input or output delay  
An output delay is missing on data_output_imag[6][0] relative to clock(s) clk_pin_p 
Related violations: <none>

TIMING-18#164 Warning
Missing input or output delay  
An output delay is missing on data_output_imag[6][10] relative to clock(s) clk_pin_p 
Related violations: <none>

TIMING-18#165 Warning
Missing input or output delay  
An output delay is missing on data_output_imag[6][11] relative to clock(s) clk_pin_p 
Related violations: <none>

TIMING-18#166 Warning
Missing input or output delay  
An output delay is missing on data_output_imag[6][12] relative to clock(s) clk_pin_p 
Related violations: <none>

TIMING-18#167 Warning
Missing input or output delay  
An output delay is missing on data_output_imag[6][13] relative to clock(s) clk_pin_p 
Related violations: <none>

TIMING-18#168 Warning
Missing input or output delay  
An output delay is missing on data_output_imag[6][14] relative to clock(s) clk_pin_p 
Related violations: <none>

TIMING-18#169 Warning
Missing input or output delay  
An output delay is missing on data_output_imag[6][15] relative to clock(s) clk_pin_p 
Related violations: <none>

TIMING-18#170 Warning
Missing input or output delay  
An output delay is missing on data_output_imag[6][1] relative to clock(s) clk_pin_p 
Related violations: <none>

TIMING-18#171 Warning
Missing input or output delay  
An output delay is missing on data_output_imag[6][2] relative to clock(s) clk_pin_p 
Related violations: <none>

TIMING-18#172 Warning
Missing input or output delay  
An output delay is missing on data_output_imag[6][3] relative to clock(s) clk_pin_p 
Related violations: <none>

TIMING-18#173 Warning
Missing input or output delay  
An output delay is missing on data_output_imag[6][4] relative to clock(s) clk_pin_p 
Related violations: <none>

TIMING-18#174 Warning
Missing input or output delay  
An output delay is missing on data_output_imag[6][5] relative to clock(s) clk_pin_p 
Related violations: <none>

TIMING-18#175 Warning
Missing input or output delay  
An output delay is missing on data_output_imag[6][6] relative to clock(s) clk_pin_p 
Related violations: <none>

TIMING-18#176 Warning
Missing input or output delay  
An output delay is missing on data_output_imag[6][7] relative to clock(s) clk_pin_p 
Related violations: <none>

TIMING-18#177 Warning
Missing input or output delay  
An output delay is missing on data_output_imag[6][8] relative to clock(s) clk_pin_p 
Related violations: <none>

TIMING-18#178 Warning
Missing input or output delay  
An output delay is missing on data_output_imag[6][9] relative to clock(s) clk_pin_p 
Related violations: <none>

TIMING-18#179 Warning
Missing input or output delay  
An output delay is missing on data_output_imag[7][0] relative to clock(s) clk_pin_p 
Related violations: <none>

TIMING-18#180 Warning
Missing input or output delay  
An output delay is missing on data_output_imag[7][10] relative to clock(s) clk_pin_p 
Related violations: <none>

TIMING-18#181 Warning
Missing input or output delay  
An output delay is missing on data_output_imag[7][11] relative to clock(s) clk_pin_p 
Related violations: <none>

TIMING-18#182 Warning
Missing input or output delay  
An output delay is missing on data_output_imag[7][12] relative to clock(s) clk_pin_p 
Related violations: <none>

TIMING-18#183 Warning
Missing input or output delay  
An output delay is missing on data_output_imag[7][13] relative to clock(s) clk_pin_p 
Related violations: <none>

TIMING-18#184 Warning
Missing input or output delay  
An output delay is missing on data_output_imag[7][14] relative to clock(s) clk_pin_p 
Related violations: <none>

TIMING-18#185 Warning
Missing input or output delay  
An output delay is missing on data_output_imag[7][15] relative to clock(s) clk_pin_p 
Related violations: <none>

TIMING-18#186 Warning
Missing input or output delay  
An output delay is missing on data_output_imag[7][1] relative to clock(s) clk_pin_p 
Related violations: <none>

TIMING-18#187 Warning
Missing input or output delay  
An output delay is missing on data_output_imag[7][2] relative to clock(s) clk_pin_p 
Related violations: <none>

TIMING-18#188 Warning
Missing input or output delay  
An output delay is missing on data_output_imag[7][3] relative to clock(s) clk_pin_p 
Related violations: <none>

TIMING-18#189 Warning
Missing input or output delay  
An output delay is missing on data_output_imag[7][4] relative to clock(s) clk_pin_p 
Related violations: <none>

TIMING-18#190 Warning
Missing input or output delay  
An output delay is missing on data_output_imag[7][5] relative to clock(s) clk_pin_p 
Related violations: <none>

TIMING-18#191 Warning
Missing input or output delay  
An output delay is missing on data_output_imag[7][6] relative to clock(s) clk_pin_p 
Related violations: <none>

TIMING-18#192 Warning
Missing input or output delay  
An output delay is missing on data_output_imag[7][7] relative to clock(s) clk_pin_p 
Related violations: <none>

TIMING-18#193 Warning
Missing input or output delay  
An output delay is missing on data_output_imag[7][8] relative to clock(s) clk_pin_p 
Related violations: <none>

TIMING-18#194 Warning
Missing input or output delay  
An output delay is missing on data_output_imag[7][9] relative to clock(s) clk_pin_p 
Related violations: <none>

TIMING-18#195 Warning
Missing input or output delay  
An output delay is missing on data_output_real[0][0] relative to clock(s) clk_pin_p 
Related violations: <none>

TIMING-18#196 Warning
Missing input or output delay  
An output delay is missing on data_output_real[0][10] relative to clock(s) clk_pin_p 
Related violations: <none>

TIMING-18#197 Warning
Missing input or output delay  
An output delay is missing on data_output_real[0][11] relative to clock(s) clk_pin_p 
Related violations: <none>

TIMING-18#198 Warning
Missing input or output delay  
An output delay is missing on data_output_real[0][12] relative to clock(s) clk_pin_p 
Related violations: <none>

TIMING-18#199 Warning
Missing input or output delay  
An output delay is missing on data_output_real[0][13] relative to clock(s) clk_pin_p 
Related violations: <none>

TIMING-18#200 Warning
Missing input or output delay  
An output delay is missing on data_output_real[0][14] relative to clock(s) clk_pin_p 
Related violations: <none>

TIMING-18#201 Warning
Missing input or output delay  
An output delay is missing on data_output_real[0][15] relative to clock(s) clk_pin_p 
Related violations: <none>

TIMING-18#202 Warning
Missing input or output delay  
An output delay is missing on data_output_real[0][1] relative to clock(s) clk_pin_p 
Related violations: <none>

TIMING-18#203 Warning
Missing input or output delay  
An output delay is missing on data_output_real[0][2] relative to clock(s) clk_pin_p 
Related violations: <none>

TIMING-18#204 Warning
Missing input or output delay  
An output delay is missing on data_output_real[0][3] relative to clock(s) clk_pin_p 
Related violations: <none>

TIMING-18#205 Warning
Missing input or output delay  
An output delay is missing on data_output_real[0][4] relative to clock(s) clk_pin_p 
Related violations: <none>

TIMING-18#206 Warning
Missing input or output delay  
An output delay is missing on data_output_real[0][5] relative to clock(s) clk_pin_p 
Related violations: <none>

TIMING-18#207 Warning
Missing input or output delay  
An output delay is missing on data_output_real[0][6] relative to clock(s) clk_pin_p 
Related violations: <none>

TIMING-18#208 Warning
Missing input or output delay  
An output delay is missing on data_output_real[0][7] relative to clock(s) clk_pin_p 
Related violations: <none>

TIMING-18#209 Warning
Missing input or output delay  
An output delay is missing on data_output_real[0][8] relative to clock(s) clk_pin_p 
Related violations: <none>

TIMING-18#210 Warning
Missing input or output delay  
An output delay is missing on data_output_real[0][9] relative to clock(s) clk_pin_p 
Related violations: <none>

TIMING-18#211 Warning
Missing input or output delay  
An output delay is missing on data_output_real[1][0] relative to clock(s) clk_pin_p 
Related violations: <none>

TIMING-18#212 Warning
Missing input or output delay  
An output delay is missing on data_output_real[1][10] relative to clock(s) clk_pin_p 
Related violations: <none>

TIMING-18#213 Warning
Missing input or output delay  
An output delay is missing on data_output_real[1][11] relative to clock(s) clk_pin_p 
Related violations: <none>

TIMING-18#214 Warning
Missing input or output delay  
An output delay is missing on data_output_real[1][12] relative to clock(s) clk_pin_p 
Related violations: <none>

TIMING-18#215 Warning
Missing input or output delay  
An output delay is missing on data_output_real[1][13] relative to clock(s) clk_pin_p 
Related violations: <none>

TIMING-18#216 Warning
Missing input or output delay  
An output delay is missing on data_output_real[1][14] relative to clock(s) clk_pin_p 
Related violations: <none>

TIMING-18#217 Warning
Missing input or output delay  
An output delay is missing on data_output_real[1][15] relative to clock(s) clk_pin_p 
Related violations: <none>

TIMING-18#218 Warning
Missing input or output delay  
An output delay is missing on data_output_real[1][1] relative to clock(s) clk_pin_p 
Related violations: <none>

TIMING-18#219 Warning
Missing input or output delay  
An output delay is missing on data_output_real[1][2] relative to clock(s) clk_pin_p 
Related violations: <none>

TIMING-18#220 Warning
Missing input or output delay  
An output delay is missing on data_output_real[1][3] relative to clock(s) clk_pin_p 
Related violations: <none>

TIMING-18#221 Warning
Missing input or output delay  
An output delay is missing on data_output_real[1][4] relative to clock(s) clk_pin_p 
Related violations: <none>

TIMING-18#222 Warning
Missing input or output delay  
An output delay is missing on data_output_real[1][5] relative to clock(s) clk_pin_p 
Related violations: <none>

TIMING-18#223 Warning
Missing input or output delay  
An output delay is missing on data_output_real[1][6] relative to clock(s) clk_pin_p 
Related violations: <none>

TIMING-18#224 Warning
Missing input or output delay  
An output delay is missing on data_output_real[1][7] relative to clock(s) clk_pin_p 
Related violations: <none>

TIMING-18#225 Warning
Missing input or output delay  
An output delay is missing on data_output_real[1][8] relative to clock(s) clk_pin_p 
Related violations: <none>

TIMING-18#226 Warning
Missing input or output delay  
An output delay is missing on data_output_real[1][9] relative to clock(s) clk_pin_p 
Related violations: <none>

TIMING-18#227 Warning
Missing input or output delay  
An output delay is missing on data_output_real[2][0] relative to clock(s) clk_pin_p 
Related violations: <none>

TIMING-18#228 Warning
Missing input or output delay  
An output delay is missing on data_output_real[2][10] relative to clock(s) clk_pin_p 
Related violations: <none>

TIMING-18#229 Warning
Missing input or output delay  
An output delay is missing on data_output_real[2][11] relative to clock(s) clk_pin_p 
Related violations: <none>

TIMING-18#230 Warning
Missing input or output delay  
An output delay is missing on data_output_real[2][12] relative to clock(s) clk_pin_p 
Related violations: <none>

TIMING-18#231 Warning
Missing input or output delay  
An output delay is missing on data_output_real[2][13] relative to clock(s) clk_pin_p 
Related violations: <none>

TIMING-18#232 Warning
Missing input or output delay  
An output delay is missing on data_output_real[2][14] relative to clock(s) clk_pin_p 
Related violations: <none>

TIMING-18#233 Warning
Missing input or output delay  
An output delay is missing on data_output_real[2][15] relative to clock(s) clk_pin_p 
Related violations: <none>

TIMING-18#234 Warning
Missing input or output delay  
An output delay is missing on data_output_real[2][1] relative to clock(s) clk_pin_p 
Related violations: <none>

TIMING-18#235 Warning
Missing input or output delay  
An output delay is missing on data_output_real[2][2] relative to clock(s) clk_pin_p 
Related violations: <none>

TIMING-18#236 Warning
Missing input or output delay  
An output delay is missing on data_output_real[2][3] relative to clock(s) clk_pin_p 
Related violations: <none>

TIMING-18#237 Warning
Missing input or output delay  
An output delay is missing on data_output_real[2][4] relative to clock(s) clk_pin_p 
Related violations: <none>

TIMING-18#238 Warning
Missing input or output delay  
An output delay is missing on data_output_real[2][5] relative to clock(s) clk_pin_p 
Related violations: <none>

TIMING-18#239 Warning
Missing input or output delay  
An output delay is missing on data_output_real[2][6] relative to clock(s) clk_pin_p 
Related violations: <none>

TIMING-18#240 Warning
Missing input or output delay  
An output delay is missing on data_output_real[2][7] relative to clock(s) clk_pin_p 
Related violations: <none>

TIMING-18#241 Warning
Missing input or output delay  
An output delay is missing on data_output_real[2][8] relative to clock(s) clk_pin_p 
Related violations: <none>

TIMING-18#242 Warning
Missing input or output delay  
An output delay is missing on data_output_real[2][9] relative to clock(s) clk_pin_p 
Related violations: <none>

TIMING-18#243 Warning
Missing input or output delay  
An output delay is missing on data_output_real[3][0] relative to clock(s) clk_pin_p 
Related violations: <none>

TIMING-18#244 Warning
Missing input or output delay  
An output delay is missing on data_output_real[3][10] relative to clock(s) clk_pin_p 
Related violations: <none>

TIMING-18#245 Warning
Missing input or output delay  
An output delay is missing on data_output_real[3][11] relative to clock(s) clk_pin_p 
Related violations: <none>

TIMING-18#246 Warning
Missing input or output delay  
An output delay is missing on data_output_real[3][12] relative to clock(s) clk_pin_p 
Related violations: <none>

TIMING-18#247 Warning
Missing input or output delay  
An output delay is missing on data_output_real[3][13] relative to clock(s) clk_pin_p 
Related violations: <none>

TIMING-18#248 Warning
Missing input or output delay  
An output delay is missing on data_output_real[3][14] relative to clock(s) clk_pin_p 
Related violations: <none>

TIMING-18#249 Warning
Missing input or output delay  
An output delay is missing on data_output_real[3][15] relative to clock(s) clk_pin_p 
Related violations: <none>

TIMING-18#250 Warning
Missing input or output delay  
An output delay is missing on data_output_real[3][1] relative to clock(s) clk_pin_p 
Related violations: <none>

TIMING-18#251 Warning
Missing input or output delay  
An output delay is missing on data_output_real[3][2] relative to clock(s) clk_pin_p 
Related violations: <none>

TIMING-18#252 Warning
Missing input or output delay  
An output delay is missing on data_output_real[3][3] relative to clock(s) clk_pin_p 
Related violations: <none>

TIMING-18#253 Warning
Missing input or output delay  
An output delay is missing on data_output_real[3][4] relative to clock(s) clk_pin_p 
Related violations: <none>

TIMING-18#254 Warning
Missing input or output delay  
An output delay is missing on data_output_real[3][5] relative to clock(s) clk_pin_p 
Related violations: <none>

TIMING-18#255 Warning
Missing input or output delay  
An output delay is missing on data_output_real[3][6] relative to clock(s) clk_pin_p 
Related violations: <none>

TIMING-18#256 Warning
Missing input or output delay  
An output delay is missing on data_output_real[3][7] relative to clock(s) clk_pin_p 
Related violations: <none>

TIMING-18#257 Warning
Missing input or output delay  
An output delay is missing on data_output_real[3][8] relative to clock(s) clk_pin_p 
Related violations: <none>

TIMING-18#258 Warning
Missing input or output delay  
An output delay is missing on data_output_real[3][9] relative to clock(s) clk_pin_p 
Related violations: <none>

TIMING-18#259 Warning
Missing input or output delay  
An output delay is missing on data_output_real[4][0] relative to clock(s) clk_pin_p 
Related violations: <none>

TIMING-18#260 Warning
Missing input or output delay  
An output delay is missing on data_output_real[4][10] relative to clock(s) clk_pin_p 
Related violations: <none>

TIMING-18#261 Warning
Missing input or output delay  
An output delay is missing on data_output_real[4][11] relative to clock(s) clk_pin_p 
Related violations: <none>

TIMING-18#262 Warning
Missing input or output delay  
An output delay is missing on data_output_real[4][12] relative to clock(s) clk_pin_p 
Related violations: <none>

TIMING-18#263 Warning
Missing input or output delay  
An output delay is missing on data_output_real[4][13] relative to clock(s) clk_pin_p 
Related violations: <none>

TIMING-18#264 Warning
Missing input or output delay  
An output delay is missing on data_output_real[4][14] relative to clock(s) clk_pin_p 
Related violations: <none>

TIMING-18#265 Warning
Missing input or output delay  
An output delay is missing on data_output_real[4][15] relative to clock(s) clk_pin_p 
Related violations: <none>

TIMING-18#266 Warning
Missing input or output delay  
An output delay is missing on data_output_real[4][1] relative to clock(s) clk_pin_p 
Related violations: <none>

TIMING-18#267 Warning
Missing input or output delay  
An output delay is missing on data_output_real[4][2] relative to clock(s) clk_pin_p 
Related violations: <none>

TIMING-18#268 Warning
Missing input or output delay  
An output delay is missing on data_output_real[4][3] relative to clock(s) clk_pin_p 
Related violations: <none>

TIMING-18#269 Warning
Missing input or output delay  
An output delay is missing on data_output_real[4][4] relative to clock(s) clk_pin_p 
Related violations: <none>

TIMING-18#270 Warning
Missing input or output delay  
An output delay is missing on data_output_real[4][5] relative to clock(s) clk_pin_p 
Related violations: <none>

TIMING-18#271 Warning
Missing input or output delay  
An output delay is missing on data_output_real[4][6] relative to clock(s) clk_pin_p 
Related violations: <none>

TIMING-18#272 Warning
Missing input or output delay  
An output delay is missing on data_output_real[4][7] relative to clock(s) clk_pin_p 
Related violations: <none>

TIMING-18#273 Warning
Missing input or output delay  
An output delay is missing on data_output_real[4][8] relative to clock(s) clk_pin_p 
Related violations: <none>

TIMING-18#274 Warning
Missing input or output delay  
An output delay is missing on data_output_real[4][9] relative to clock(s) clk_pin_p 
Related violations: <none>

TIMING-18#275 Warning
Missing input or output delay  
An output delay is missing on data_output_real[5][0] relative to clock(s) clk_pin_p 
Related violations: <none>

TIMING-18#276 Warning
Missing input or output delay  
An output delay is missing on data_output_real[5][10] relative to clock(s) clk_pin_p 
Related violations: <none>

TIMING-18#277 Warning
Missing input or output delay  
An output delay is missing on data_output_real[5][11] relative to clock(s) clk_pin_p 
Related violations: <none>

TIMING-18#278 Warning
Missing input or output delay  
An output delay is missing on data_output_real[5][12] relative to clock(s) clk_pin_p 
Related violations: <none>

TIMING-18#279 Warning
Missing input or output delay  
An output delay is missing on data_output_real[5][13] relative to clock(s) clk_pin_p 
Related violations: <none>

TIMING-18#280 Warning
Missing input or output delay  
An output delay is missing on data_output_real[5][14] relative to clock(s) clk_pin_p 
Related violations: <none>

TIMING-18#281 Warning
Missing input or output delay  
An output delay is missing on data_output_real[5][15] relative to clock(s) clk_pin_p 
Related violations: <none>

TIMING-18#282 Warning
Missing input or output delay  
An output delay is missing on data_output_real[5][1] relative to clock(s) clk_pin_p 
Related violations: <none>

TIMING-18#283 Warning
Missing input or output delay  
An output delay is missing on data_output_real[5][2] relative to clock(s) clk_pin_p 
Related violations: <none>

TIMING-18#284 Warning
Missing input or output delay  
An output delay is missing on data_output_real[5][3] relative to clock(s) clk_pin_p 
Related violations: <none>

TIMING-18#285 Warning
Missing input or output delay  
An output delay is missing on data_output_real[5][4] relative to clock(s) clk_pin_p 
Related violations: <none>

TIMING-18#286 Warning
Missing input or output delay  
An output delay is missing on data_output_real[5][5] relative to clock(s) clk_pin_p 
Related violations: <none>

TIMING-18#287 Warning
Missing input or output delay  
An output delay is missing on data_output_real[5][6] relative to clock(s) clk_pin_p 
Related violations: <none>

TIMING-18#288 Warning
Missing input or output delay  
An output delay is missing on data_output_real[5][7] relative to clock(s) clk_pin_p 
Related violations: <none>

TIMING-18#289 Warning
Missing input or output delay  
An output delay is missing on data_output_real[5][8] relative to clock(s) clk_pin_p 
Related violations: <none>

TIMING-18#290 Warning
Missing input or output delay  
An output delay is missing on data_output_real[5][9] relative to clock(s) clk_pin_p 
Related violations: <none>

TIMING-18#291 Warning
Missing input or output delay  
An output delay is missing on data_output_real[6][0] relative to clock(s) clk_pin_p 
Related violations: <none>

TIMING-18#292 Warning
Missing input or output delay  
An output delay is missing on data_output_real[6][10] relative to clock(s) clk_pin_p 
Related violations: <none>

TIMING-18#293 Warning
Missing input or output delay  
An output delay is missing on data_output_real[6][11] relative to clock(s) clk_pin_p 
Related violations: <none>

TIMING-18#294 Warning
Missing input or output delay  
An output delay is missing on data_output_real[6][12] relative to clock(s) clk_pin_p 
Related violations: <none>

TIMING-18#295 Warning
Missing input or output delay  
An output delay is missing on data_output_real[6][13] relative to clock(s) clk_pin_p 
Related violations: <none>

TIMING-18#296 Warning
Missing input or output delay  
An output delay is missing on data_output_real[6][14] relative to clock(s) clk_pin_p 
Related violations: <none>

TIMING-18#297 Warning
Missing input or output delay  
An output delay is missing on data_output_real[6][15] relative to clock(s) clk_pin_p 
Related violations: <none>

TIMING-18#298 Warning
Missing input or output delay  
An output delay is missing on data_output_real[6][1] relative to clock(s) clk_pin_p 
Related violations: <none>

TIMING-18#299 Warning
Missing input or output delay  
An output delay is missing on data_output_real[6][2] relative to clock(s) clk_pin_p 
Related violations: <none>

TIMING-18#300 Warning
Missing input or output delay  
An output delay is missing on data_output_real[6][3] relative to clock(s) clk_pin_p 
Related violations: <none>

TIMING-18#301 Warning
Missing input or output delay  
An output delay is missing on data_output_real[6][4] relative to clock(s) clk_pin_p 
Related violations: <none>

TIMING-18#302 Warning
Missing input or output delay  
An output delay is missing on data_output_real[6][5] relative to clock(s) clk_pin_p 
Related violations: <none>

TIMING-18#303 Warning
Missing input or output delay  
An output delay is missing on data_output_real[6][6] relative to clock(s) clk_pin_p 
Related violations: <none>

TIMING-18#304 Warning
Missing input or output delay  
An output delay is missing on data_output_real[6][7] relative to clock(s) clk_pin_p 
Related violations: <none>

TIMING-18#305 Warning
Missing input or output delay  
An output delay is missing on data_output_real[6][8] relative to clock(s) clk_pin_p 
Related violations: <none>

TIMING-18#306 Warning
Missing input or output delay  
An output delay is missing on data_output_real[6][9] relative to clock(s) clk_pin_p 
Related violations: <none>

TIMING-18#307 Warning
Missing input or output delay  
An output delay is missing on data_output_real[7][0] relative to clock(s) clk_pin_p 
Related violations: <none>

TIMING-18#308 Warning
Missing input or output delay  
An output delay is missing on data_output_real[7][10] relative to clock(s) clk_pin_p 
Related violations: <none>

TIMING-18#309 Warning
Missing input or output delay  
An output delay is missing on data_output_real[7][11] relative to clock(s) clk_pin_p 
Related violations: <none>

TIMING-18#310 Warning
Missing input or output delay  
An output delay is missing on data_output_real[7][12] relative to clock(s) clk_pin_p 
Related violations: <none>

TIMING-18#311 Warning
Missing input or output delay  
An output delay is missing on data_output_real[7][13] relative to clock(s) clk_pin_p 
Related violations: <none>

TIMING-18#312 Warning
Missing input or output delay  
An output delay is missing on data_output_real[7][14] relative to clock(s) clk_pin_p 
Related violations: <none>

TIMING-18#313 Warning
Missing input or output delay  
An output delay is missing on data_output_real[7][15] relative to clock(s) clk_pin_p 
Related violations: <none>

TIMING-18#314 Warning
Missing input or output delay  
An output delay is missing on data_output_real[7][1] relative to clock(s) clk_pin_p 
Related violations: <none>

TIMING-18#315 Warning
Missing input or output delay  
An output delay is missing on data_output_real[7][2] relative to clock(s) clk_pin_p 
Related violations: <none>

TIMING-18#316 Warning
Missing input or output delay  
An output delay is missing on data_output_real[7][3] relative to clock(s) clk_pin_p 
Related violations: <none>

TIMING-18#317 Warning
Missing input or output delay  
An output delay is missing on data_output_real[7][4] relative to clock(s) clk_pin_p 
Related violations: <none>

TIMING-18#318 Warning
Missing input or output delay  
An output delay is missing on data_output_real[7][5] relative to clock(s) clk_pin_p 
Related violations: <none>

TIMING-18#319 Warning
Missing input or output delay  
An output delay is missing on data_output_real[7][6] relative to clock(s) clk_pin_p 
Related violations: <none>

TIMING-18#320 Warning
Missing input or output delay  
An output delay is missing on data_output_real[7][7] relative to clock(s) clk_pin_p 
Related violations: <none>

TIMING-18#321 Warning
Missing input or output delay  
An output delay is missing on data_output_real[7][8] relative to clock(s) clk_pin_p 
Related violations: <none>

TIMING-18#322 Warning
Missing input or output delay  
An output delay is missing on data_output_real[7][9] relative to clock(s) clk_pin_p 
Related violations: <none>

TIMING-18#323 Warning
Missing input or output delay  
An output delay is missing on data_valid_out relative to clock(s) clk_pin_p 
Related violations: <none>


