Copyright 1986-2015 Xilinx, Inc. All Rights Reserved.
---------------------------------------------------------------------------------------------------------------------------
| Tool Version     : Vivado v.2015.4.1 (lin64) Build 1431336 Fri Dec 11 14:52:39 MST 2015
| Date             : Thu Sep 14 15:19:43 2017
| Host             : ccblincad20.ece.gatech.edu running 64-bit Red Hat Enterprise Linux Workstation release 6.9 (Santiago)
| Command          : 
| Design           : barrel_shifter
| Device           : xcku115-flva2104-3-e
| Design State     : routed
| Grade            : extended
| Process          : typical
| Characterization : Advance
---------------------------------------------------------------------------------------------------------------------------

Power Report

Table of Contents
-----------------
1. Summary
1.1 On-Chip Components
1.2 Power Supply Summary
1.3 Confidence Level
2. Settings
2.1 Environment
2.2 Clock Constraints
3. Detailed Reports
3.1 By Hierarchy

1. Summary
----------

+--------------------------+--------+
| Total On-Chip Power (W)  | 12.015 |
| Dynamic (W)              | 10.502 |
| Device Static (W)        | 1.513  |
| Effective TJA (C/W)      | 0.8    |
| Max Ambient (C)          | 90.3   |
| Junction Temperature (C) | 34.7   |
| Confidence Level         | Low    |
| Setting File             | ---    |
| Simulation Activity File | ---    |
| Design Nets Matched      | NA     |
+--------------------------+--------+


1.1 On-Chip Components
----------------------

+----------------+-----------+----------+-----------+-----------------+
| On-Chip        | Power (W) | Used     | Available | Utilization (%) |
+----------------+-----------+----------+-----------+-----------------+
| CLB Logic      |     0.135 |       32 |       --- |             --- |
|   LUT as Logic |     0.135 |       32 |    663360 |           <0.01 |
| Signals        |     0.293 |       52 |       --- |             --- |
| I/O            |    10.074 |       36 |       832 |            4.33 |
| Static Power   |     1.513 |          |           |                 |
| Total          |    12.015 |          |           |                 |
+----------------+-----------+----------+-----------+-----------------+


1.2 Power Supply Summary
------------------------

+------------+-------------+-----------+-------------+------------+
| Source     | Voltage (V) | Total (A) | Dynamic (A) | Static (A) |
+------------+-------------+-----------+-------------+------------+
| Vccint     |       1.000 |     1.056 |       0.428 |      0.628 |
| Vccaux     |       1.800 |     0.243 |       0.000 |      0.243 |
| Vccaux_io  |       1.800 |     4.382 |       4.220 |      0.162 |
| Vccint_io  |       1.000 |     0.418 |       0.363 |      0.055 |
| Vcco33     |       3.300 |     0.000 |       0.000 |      0.000 |
| Vcco25     |       2.500 |     0.000 |       0.000 |      0.000 |
| Vcco18     |       1.800 |     1.175 |       1.175 |      0.000 |
| Vcco15     |       1.500 |     0.000 |       0.000 |      0.000 |
| Vcco135    |       1.350 |     0.000 |       0.000 |      0.000 |
| Vcco12     |       1.200 |     0.000 |       0.000 |      0.000 |
| Vcco10     |       1.000 |     0.000 |       0.000 |      0.000 |
| Vccbram    |       1.000 |     0.050 |       0.000 |      0.050 |
| MGTAVcc    |       1.000 |     0.000 |       0.000 |      0.000 |
| MGTAVtt    |       1.200 |     0.000 |       0.000 |      0.000 |
| MGTVccaux  |       1.800 |     0.000 |       0.000 |      0.000 |
| Vccadc     |       1.800 |     0.028 |       0.000 |      0.028 |
| MGTYVccaux |       1.800 |     0.000 |       0.000 |      0.000 |
| MGTYAVcc   |       1.000 |     0.000 |       0.000 |      0.000 |
| MGTYAVtt   |       1.200 |     0.000 |       0.000 |      0.000 |
+------------+-------------+-----------+-------------+------------+


1.3 Confidence Level
--------------------

+-----------------------------+------------+--------------------------------------------------------+------------------------------------------------------------------------------------------------------------+
| User Input Data             | Confidence | Details                                                | Action                                                                                                     |
+-----------------------------+------------+--------------------------------------------------------+------------------------------------------------------------------------------------------------------------+
| Design implementation state | High       | Design is routed                                       |                                                                                                            |
| Clock nodes activity        | High       | User specified more than 95% of clocks                 |                                                                                                            |
| I/O nodes activity          | Low        | More than 75% of inputs are missing user specification | Provide missing input activity with simulation results or by editing the "By Resource Type -> I/Os" view   |
| Internal nodes activity     | Medium     | User specified less than 25% of internal nodes         | Provide missing internal nodes activity with simulation results or by editing the "By Resource Type" views |
| Device models               | Medium     | Device models are not Production                       | Device models may change and in turn slightly affect accuracy                                              |
|                             |            |                                                        |                                                                                                            |
| Overall confidence level    | Low        |                                                        |                                                                                                            |
+-----------------------------+------------+--------------------------------------------------------+------------------------------------------------------------------------------------------------------------+


2. Settings
-----------

2.1 Environment
---------------

+-----------------------+--------------------------+
| Ambient Temp (C)      | 25.0                     |
| ThetaJA (C/W)         | 0.8                      |
| Airflow (LFM)         | 250                      |
| Heat Sink             | medium (Medium Profile)  |
| ThetaSA (C/W)         | 1.2                      |
| Board Selection       | medium (10"x10")         |
| # of Board Layers     | 12to15 (12 to 15 Layers) |
| Board Temperature (C) | 25.0                     |
+-----------------------+--------------------------+


2.2 Clock Constraints
---------------------

+-------+--------+-----------------+
| Clock | Domain | Constraint (ns) |
+-------+--------+-----------------+


3. Detailed Reports
-------------------

3.1 By Hierarchy
----------------

+---------------------+-----------+
| Name                | Power (W) |
+---------------------+-----------+
| barrel_shifter      |    10.502 |
|   a_IBUF[0]_inst    |     0.020 |
|   a_IBUF[10]_inst   |     0.020 |
|   a_IBUF[11]_inst   |     0.020 |
|   a_IBUF[12]_inst   |     0.020 |
|   a_IBUF[13]_inst   |     0.019 |
|   a_IBUF[14]_inst   |     0.019 |
|   a_IBUF[15]_inst   |     0.019 |
|   a_IBUF[1]_inst    |     0.020 |
|   a_IBUF[2]_inst    |     0.020 |
|   a_IBUF[3]_inst    |     0.020 |
|   a_IBUF[4]_inst    |     0.023 |
|   a_IBUF[5]_inst    |     0.023 |
|   a_IBUF[6]_inst    |     0.023 |
|   a_IBUF[7]_inst    |     0.025 |
|   a_IBUF[8]_inst    |     0.025 |
|   a_IBUF[9]_inst    |     0.020 |
|   ctrl_IBUF[0]_inst |     0.025 |
|   ctrl_IBUF[1]_inst |     0.025 |
|   ctrl_IBUF[2]_inst |     0.027 |
|   ctrl_IBUF[3]_inst |     0.029 |
+---------------------+-----------+


